This is pdfTeX, Version 3.14159265-2.6-1.40.18 (MiKTeX 2.9.6350 64-bit) (preloaded format=pdflatex 2017.8.20)  16 JAN 2018 16:23
entering extended mode
**./kolokium_ekstensi.tex
(kolokium_ekstensi.tex
LaTeX2e <2017-04-15>
Babel <3.10> and hyphenation patterns for 75 language(s) loaded.
(SelfArx.cls
Document Class: SelfArx 25/01/2012, v1.0
("C:\Program Files\MiKTeX 2.9\tex\latex\base\ifthen.sty"
Package: ifthen 2014/09/29 v1.1c Standard LaTeX ifthen package (DPC)
)
("C:\Program Files\MiKTeX 2.9\tex\latex\tools\calc.sty"
Package: calc 2014/10/28 v4.3 Infix arithmetic (KKT,FJ)
\calc@Acount=\count79
\calc@Bcount=\count80
\calc@Adimen=\dimen102
\calc@Bdimen=\dimen103
\calc@Askip=\skip41
\calc@Bskip=\skip42
LaTeX Info: Redefining \setlength on input line 80.
LaTeX Info: Redefining \addtolength on input line 81.
\calc@Ccount=\count81
\calc@Cskip=\skip43
)
("C:\Program Files\MiKTeX 2.9\tex\latex\base\article.cls"
Document Class: article 2014/09/29 v1.4h Standard LaTeX document class
("C:\Program Files\MiKTeX 2.9\tex\latex\base\fleqn.clo"
File: fleqn.clo 2016/12/29 v1.2a Standard LaTeX option (flush left equations)
\mathindent=\dimen104
Applying: [2015/01/01] Make \[ robust on input line 50.
LaTeX Info: Redefining \[ on input line 51.
Already applied: [0000/00/00] Make \[ robust on input line 62.
Applying: [2015/01/01] Make \] robust on input line 74.
LaTeX Info: Redefining \] on input line 75.
Already applied: [0000/00/00] Make \] robust on input line 83.
)
("C:\Program Files\MiKTeX 2.9\tex\latex\base\size11.clo"
File: size11.clo 2014/09/29 v1.4h Standard LaTeX file (size option)
)
\c@part=\count82
\c@section=\count83
\c@subsection=\count84
\c@subsubsection=\count85
\c@paragraph=\count86
\c@subparagraph=\count87
\c@figure=\count88
\c@table=\count89
\abovecaptionskip=\skip44
\belowcaptionskip=\skip45
\bibindent=\dimen105
)
("C:\Program Files\MiKTeX 2.9\tex\generic\oberdiek\ifpdf.sty"
Package: ifpdf 2017/03/15 v3.2 Provides the ifpdf switch
)
("C:\Program Files\MiKTeX 2.9\tex\latex\psnfss\times.sty"
Package: times 2005/04/12 PSNFSS-v9.2a (SPQR) 
)
("C:\Program Files\MiKTeX 2.9\tex\latex\psnfss\mathptmx.sty"
Package: mathptmx 2005/04/12 PSNFSS-v9.2a Times w/ Math, improved (SPQR, WaS) 
LaTeX Font Info:    Redeclaring symbol font `operators' on input line 28.
LaTeX Font Info:    Overwriting symbol font `operators' in version `normal'
(Font)                  OT1/cmr/m/n --> OT1/ztmcm/m/n on input line 28.
LaTeX Font Info:    Overwriting symbol font `operators' in version `bold'
(Font)                  OT1/cmr/bx/n --> OT1/ztmcm/m/n on input line 28.
LaTeX Font Info:    Redeclaring symbol font `letters' on input line 29.
LaTeX Font Info:    Overwriting symbol font `letters' in version `normal'
(Font)                  OML/cmm/m/it --> OML/ztmcm/m/it on input line 29.
LaTeX Font Info:    Overwriting symbol font `letters' in version `bold'
(Font)                  OML/cmm/b/it --> OML/ztmcm/m/it on input line 29.
LaTeX Font Info:    Redeclaring symbol font `symbols' on input line 30.
LaTeX Font Info:    Overwriting symbol font `symbols' in version `normal'
(Font)                  OMS/cmsy/m/n --> OMS/ztmcm/m/n on input line 30.
LaTeX Font Info:    Overwriting symbol font `symbols' in version `bold'
(Font)                  OMS/cmsy/b/n --> OMS/ztmcm/m/n on input line 30.
LaTeX Font Info:    Redeclaring symbol font `largesymbols' on input line 31.
LaTeX Font Info:    Overwriting symbol font `largesymbols' in version `normal'
(Font)                  OMX/cmex/m/n --> OMX/ztmcm/m/n on input line 31.
LaTeX Font Info:    Overwriting symbol font `largesymbols' in version `bold'
(Font)                  OMX/cmex/m/n --> OMX/ztmcm/m/n on input line 31.
\symbold=\mathgroup4
\symitalic=\mathgroup5
LaTeX Font Info:    Redeclaring math alphabet \mathbf on input line 34.
LaTeX Font Info:    Overwriting math alphabet `\mathbf' in version `normal'
(Font)                  OT1/cmr/bx/n --> OT1/ptm/bx/n on input line 34.
LaTeX Font Info:    Overwriting math alphabet `\mathbf' in version `bold'
(Font)                  OT1/cmr/bx/n --> OT1/ptm/bx/n on input line 34.
LaTeX Font Info:    Redeclaring math alphabet \mathit on input line 35.
LaTeX Font Info:    Overwriting math alphabet `\mathit' in version `normal'
(Font)                  OT1/cmr/m/it --> OT1/ptm/m/it on input line 35.
LaTeX Font Info:    Overwriting math alphabet `\mathit' in version `bold'
(Font)                  OT1/cmr/bx/it --> OT1/ptm/m/it on input line 35.
LaTeX Info: Redefining \hbar on input line 50.
)
("C:\Program Files\MiKTeX 2.9\tex\latex\hyperref\hyperref.sty"
Package: hyperref 2017/03/14 v6.85a Hypertext links for LaTeX

("C:\Program Files\MiKTeX 2.9\tex\generic\oberdiek\hobsub-hyperref.sty"
Package: hobsub-hyperref 2016/05/16 v1.14 Bundle oberdiek, subset hyperref (HO)


("C:\Program Files\MiKTeX 2.9\tex\generic\oberdiek\hobsub-generic.sty"
Package: hobsub-generic 2016/05/16 v1.14 Bundle oberdiek, subset generic (HO)
Package: hobsub 2016/05/16 v1.14 Construct package bundles (HO)
Package: infwarerr 2016/05/16 v1.4 Providing info/warning/error messages (HO)
Package: ltxcmds 2016/05/16 v1.23 LaTeX kernel commands for general use (HO)
Package: ifluatex 2016/05/16 v1.4 Provides the ifluatex switch (HO)
Package ifluatex Info: LuaTeX not detected.
Package: ifvtex 2016/05/16 v1.6 Detect VTeX and its facilities (HO)
Package ifvtex Info: VTeX not detected.
Package: intcalc 2016/05/16 v1.2 Expandable calculations with integers (HO)
Package hobsub Info: Skipping package `ifpdf' (already loaded).
Package: etexcmds 2016/05/16 v1.6 Avoid name clashes with e-TeX commands (HO)
Package etexcmds Info: Could not find \expanded.
(etexcmds)             That can mean that you are not using pdfTeX 1.50 or
(etexcmds)             that some package has redefined \expanded.
(etexcmds)             In the latter case, load this package earlier.
Package: kvsetkeys 2016/05/16 v1.17 Key value parser (HO)
Package: kvdefinekeys 2016/05/16 v1.4 Define keys (HO)
Package: pdftexcmds 2017/03/19 v0.25 Utility functions of pdfTeX for LuaTeX (HO
)
Package pdftexcmds Info: LuaTeX not detected.
Package pdftexcmds Info: \pdf@primitive is available.
Package pdftexcmds Info: \pdf@ifprimitive is available.
Package pdftexcmds Info: \pdfdraftmode found.
Package: pdfescape 2016/05/16 v1.14 Implements pdfTeX's escape features (HO)
Package: bigintcalc 2016/05/16 v1.4 Expandable calculations on big integers (HO
)
Package: bitset 2016/05/16 v1.2 Handle bit-vector datatype (HO)
Package: uniquecounter 2016/05/16 v1.3 Provide unlimited unique counter (HO)
)
Package hobsub Info: Skipping package `hobsub' (already loaded).
Package: letltxmacro 2016/05/16 v1.5 Let assignment for LaTeX macros (HO)
Package: hopatch 2016/05/16 v1.3 Wrapper for package hooks (HO)
Package: xcolor-patch 2016/05/16 xcolor patch
Package: atveryend 2016/05/16 v1.9 Hooks at the very end of document (HO)
Package atveryend Info: \enddocument detected (standard20110627).
Package: atbegshi 2016/06/09 v1.18 At begin shipout hook (HO)
Package: refcount 2016/05/16 v3.5 Data extraction from label references (HO)
Package: hycolor 2016/05/16 v1.8 Color options for hyperref/bookmark (HO)
)
("C:\Program Files\MiKTeX 2.9\tex\latex\graphics\keyval.sty"
Package: keyval 2014/10/28 v1.15 key=value parser (DPC)
\KV@toks@=\toks14
)
("C:\Program Files\MiKTeX 2.9\tex\generic\ifxetex\ifxetex.sty"
Package: ifxetex 2010/09/12 v0.6 Provides ifxetex conditional
)
("C:\Program Files\MiKTeX 2.9\tex\latex\oberdiek\auxhook.sty"
Package: auxhook 2016/05/16 v1.4 Hooks for auxiliary files (HO)
)
("C:\Program Files\MiKTeX 2.9\tex\latex\oberdiek\kvoptions.sty"
Package: kvoptions 2016/05/16 v3.12 Key value format for package options (HO)
)
\@linkdim=\dimen106
\Hy@linkcounter=\count90
\Hy@pagecounter=\count91

("C:\Program Files\MiKTeX 2.9\tex\latex\hyperref\pd1enc.def"
File: pd1enc.def 2017/03/14 v6.85a Hyperref: PDFDocEncoding definition (HO)
)
\Hy@SavedSpaceFactor=\count92

("C:\Program Files\MiKTeX 2.9\tex\latex\00miktex\hyperref.cfg"
File: hyperref.cfg 2002/06/06 v1.2 hyperref configuration of TeXLive
)
Package hyperref Info: Hyper figures OFF on input line 4498.
Package hyperref Info: Link nesting OFF on input line 4503.
Package hyperref Info: Hyper index ON on input line 4506.
Package hyperref Info: Plain pages OFF on input line 4513.
Package hyperref Info: Backreferencing OFF on input line 4518.
Package hyperref Info: Implicit mode ON; LaTeX internals redefined.
Package hyperref Info: Bookmarks ON on input line 4751.
\c@Hy@tempcnt=\count93
 (url.sty
\Urlmuskip=\muskip10
Package: url 2013/09/16  ver 3.4  Verb mode for urls, etc.
)
LaTeX Info: Redefining \url on input line 5104.
\XeTeXLinkMargin=\dimen107
\Fld@menulength=\count94
\Field@Width=\dimen108
\Fld@charsize=\dimen109
Package hyperref Info: Hyper figures OFF on input line 6358.
Package hyperref Info: Link nesting OFF on input line 6363.
Package hyperref Info: Hyper index ON on input line 6366.
Package hyperref Info: backreferencing OFF on input line 6373.
Package hyperref Info: Link coloring OFF on input line 6378.
Package hyperref Info: Link coloring with OCG OFF on input line 6383.
Package hyperref Info: PDF/A mode OFF on input line 6388.
LaTeX Info: Redefining \ref on input line 6428.
LaTeX Info: Redefining \pageref on input line 6432.
\Hy@abspage=\count95
\c@Item=\count96
\c@Hfootnote=\count97
)

Package hyperref Message: Driver (autodetected): hpdftex.

("C:\Program Files\MiKTeX 2.9\tex\latex\hyperref\hpdftex.def"
File: hpdftex.def 2017/03/14 v6.85a Hyperref driver for pdfTeX
\Fld@listcount=\count98
\c@bookmark@seq@number=\count99

("C:\Program Files\MiKTeX 2.9\tex\latex\oberdiek\rerunfilecheck.sty"
Package: rerunfilecheck 2016/05/16 v1.8 Rerun checks for auxiliary files (HO)
Package uniquecounter Info: New unique counter `rerunfilecheck' on input line 2
82.
)
\Hy@SectionHShift=\skip46
)
(breakurl.sty
Package: breakurl 2013/04/10 v1.40 Breakable hyperref URLs
 ("C:\Program Files\MiKTeX 2.9\tex\latex\xkeyval\xkeyval.sty"
Package: xkeyval 2014/12/03 v2.7a package option processing (HA)

("C:\Program Files\MiKTeX 2.9\tex\generic\xkeyval\xkeyval.tex"
("C:\Program Files\MiKTeX 2.9\tex\generic\xkeyval\xkvutils.tex"
\XKV@toks=\toks15
\XKV@tempa@toks=\toks16
)
\XKV@depth=\count100
File: xkeyval.tex 2014/12/03 v2.7a key=value parser (HA)
))

Package breakurl Warning: You are using breakurl while processing via pdflatex.

(breakurl)                \burl will be just a synonym of \url.
(breakurl)                 on input line 48.

) ("C:\Program Files\MiKTeX 2.9\tex\latex\base\inputenc.sty"
Package: inputenc 2015/03/17 v1.2c Input encoding file
\inpenc@prehook=\toks17
\inpenc@posthook=\toks18

("C:\Program Files\MiKTeX 2.9\tex\latex\base\utf8.def"
File: utf8.def 2017/01/28 v1.1t UTF-8 support for inputenc
Now handling font encoding OML ...
... no UTF-8 mapping file for font encoding OML
Now handling font encoding T1 ...
... processing UTF-8 mapping file for font encoding T1

("C:\Program Files\MiKTeX 2.9\tex\latex\base\t1enc.dfu"
File: t1enc.dfu 2017/01/28 v1.1t UTF-8 support for inputenc
   defining Unicode char U+00A0 (decimal 160)
   defining Unicode char U+00A1 (decimal 161)
   defining Unicode char U+00A3 (decimal 163)
   defining Unicode char U+00AB (decimal 171)
   defining Unicode char U+00AD (decimal 173)
   defining Unicode char U+00BB (decimal 187)
   defining Unicode char U+00BF (decimal 191)
   defining Unicode char U+00C0 (decimal 192)
   defining Unicode char U+00C1 (decimal 193)
   defining Unicode char U+00C2 (decimal 194)
   defining Unicode char U+00C3 (decimal 195)
   defining Unicode char U+00C4 (decimal 196)
   defining Unicode char U+00C5 (decimal 197)
   defining Unicode char U+00C6 (decimal 198)
   defining Unicode char U+00C7 (decimal 199)
   defining Unicode char U+00C8 (decimal 200)
   defining Unicode char U+00C9 (decimal 201)
   defining Unicode char U+00CA (decimal 202)
   defining Unicode char U+00CB (decimal 203)
   defining Unicode char U+00CC (decimal 204)
   defining Unicode char U+00CD (decimal 205)
   defining Unicode char U+00CE (decimal 206)
   defining Unicode char U+00CF (decimal 207)
   defining Unicode char U+00D0 (decimal 208)
   defining Unicode char U+00D1 (decimal 209)
   defining Unicode char U+00D2 (decimal 210)
   defining Unicode char U+00D3 (decimal 211)
   defining Unicode char U+00D4 (decimal 212)
   defining Unicode char U+00D5 (decimal 213)
   defining Unicode char U+00D6 (decimal 214)
   defining Unicode char U+00D8 (decimal 216)
   defining Unicode char U+00D9 (decimal 217)
   defining Unicode char U+00DA (decimal 218)
   defining Unicode char U+00DB (decimal 219)
   defining Unicode char U+00DC (decimal 220)
   defining Unicode char U+00DD (decimal 221)
   defining Unicode char U+00DE (decimal 222)
   defining Unicode char U+00DF (decimal 223)
   defining Unicode char U+00E0 (decimal 224)
   defining Unicode char U+00E1 (decimal 225)
   defining Unicode char U+00E2 (decimal 226)
   defining Unicode char U+00E3 (decimal 227)
   defining Unicode char U+00E4 (decimal 228)
   defining Unicode char U+00E5 (decimal 229)
   defining Unicode char U+00E6 (decimal 230)
   defining Unicode char U+00E7 (decimal 231)
   defining Unicode char U+00E8 (decimal 232)
   defining Unicode char U+00E9 (decimal 233)
   defining Unicode char U+00EA (decimal 234)
   defining Unicode char U+00EB (decimal 235)
   defining Unicode char U+00EC (decimal 236)
   defining Unicode char U+00ED (decimal 237)
   defining Unicode char U+00EE (decimal 238)
   defining Unicode char U+00EF (decimal 239)
   defining Unicode char U+00F0 (decimal 240)
   defining Unicode char U+00F1 (decimal 241)
   defining Unicode char U+00F2 (decimal 242)
   defining Unicode char U+00F3 (decimal 243)
   defining Unicode char U+00F4 (decimal 244)
   defining Unicode char U+00F5 (decimal 245)
   defining Unicode char U+00F6 (decimal 246)
   defining Unicode char U+00F8 (decimal 248)
   defining Unicode char U+00F9 (decimal 249)
   defining Unicode char U+00FA (decimal 250)
   defining Unicode char U+00FB (decimal 251)
   defining Unicode char U+00FC (decimal 252)
   defining Unicode char U+00FD (decimal 253)
   defining Unicode char U+00FE (decimal 254)
   defining Unicode char U+00FF (decimal 255)
   defining Unicode char U+0100 (decimal 256)
   defining Unicode char U+0101 (decimal 257)
   defining Unicode char U+0102 (decimal 258)
   defining Unicode char U+0103 (decimal 259)
   defining Unicode char U+0104 (decimal 260)
   defining Unicode char U+0105 (decimal 261)
   defining Unicode char U+0106 (decimal 262)
   defining Unicode char U+0107 (decimal 263)
   defining Unicode char U+0108 (decimal 264)
   defining Unicode char U+0109 (decimal 265)
   defining Unicode char U+010A (decimal 266)
   defining Unicode char U+010B (decimal 267)
   defining Unicode char U+010C (decimal 268)
   defining Unicode char U+010D (decimal 269)
   defining Unicode char U+010E (decimal 270)
   defining Unicode char U+010F (decimal 271)
   defining Unicode char U+0110 (decimal 272)
   defining Unicode char U+0111 (decimal 273)
   defining Unicode char U+0112 (decimal 274)
   defining Unicode char U+0113 (decimal 275)
   defining Unicode char U+0114 (decimal 276)
   defining Unicode char U+0115 (decimal 277)
   defining Unicode char U+0116 (decimal 278)
   defining Unicode char U+0117 (decimal 279)
   defining Unicode char U+0118 (decimal 280)
   defining Unicode char U+0119 (decimal 281)
   defining Unicode char U+011A (decimal 282)
   defining Unicode char U+011B (decimal 283)
   defining Unicode char U+011C (decimal 284)
   defining Unicode char U+011D (decimal 285)
   defining Unicode char U+011E (decimal 286)
   defining Unicode char U+011F (decimal 287)
   defining Unicode char U+0120 (decimal 288)
   defining Unicode char U+0121 (decimal 289)
   defining Unicode char U+0122 (decimal 290)
   defining Unicode char U+0123 (decimal 291)
   defining Unicode char U+0124 (decimal 292)
   defining Unicode char U+0125 (decimal 293)
   defining Unicode char U+0128 (decimal 296)
   defining Unicode char U+0129 (decimal 297)
   defining Unicode char U+012A (decimal 298)
   defining Unicode char U+012B (decimal 299)
   defining Unicode char U+012C (decimal 300)
   defining Unicode char U+012D (decimal 301)
   defining Unicode char U+012E (decimal 302)
   defining Unicode char U+012F (decimal 303)
   defining Unicode char U+0130 (decimal 304)
   defining Unicode char U+0131 (decimal 305)
   defining Unicode char U+0132 (decimal 306)
   defining Unicode char U+0133 (decimal 307)
   defining Unicode char U+0134 (decimal 308)
   defining Unicode char U+0135 (decimal 309)
   defining Unicode char U+0136 (decimal 310)
   defining Unicode char U+0137 (decimal 311)
   defining Unicode char U+0139 (decimal 313)
   defining Unicode char U+013A (decimal 314)
   defining Unicode char U+013B (decimal 315)
   defining Unicode char U+013C (decimal 316)
   defining Unicode char U+013D (decimal 317)
   defining Unicode char U+013E (decimal 318)
   defining Unicode char U+0141 (decimal 321)
   defining Unicode char U+0142 (decimal 322)
   defining Unicode char U+0143 (decimal 323)
   defining Unicode char U+0144 (decimal 324)
   defining Unicode char U+0145 (decimal 325)
   defining Unicode char U+0146 (decimal 326)
   defining Unicode char U+0147 (decimal 327)
   defining Unicode char U+0148 (decimal 328)
   defining Unicode char U+014A (decimal 330)
   defining Unicode char U+014B (decimal 331)
   defining Unicode char U+014C (decimal 332)
   defining Unicode char U+014D (decimal 333)
   defining Unicode char U+014E (decimal 334)
   defining Unicode char U+014F (decimal 335)
   defining Unicode char U+0150 (decimal 336)
   defining Unicode char U+0151 (decimal 337)
   defining Unicode char U+0152 (decimal 338)
   defining Unicode char U+0153 (decimal 339)
   defining Unicode char U+0154 (decimal 340)
   defining Unicode char U+0155 (decimal 341)
   defining Unicode char U+0156 (decimal 342)
   defining Unicode char U+0157 (decimal 343)
   defining Unicode char U+0158 (decimal 344)
   defining Unicode char U+0159 (decimal 345)
   defining Unicode char U+015A (decimal 346)
   defining Unicode char U+015B (decimal 347)
   defining Unicode char U+015C (decimal 348)
   defining Unicode char U+015D (decimal 349)
   defining Unicode char U+015E (decimal 350)
   defining Unicode char U+015F (decimal 351)
   defining Unicode char U+0160 (decimal 352)
   defining Unicode char U+0161 (decimal 353)
   defining Unicode char U+0162 (decimal 354)
   defining Unicode char U+0163 (decimal 355)
   defining Unicode char U+0164 (decimal 356)
   defining Unicode char U+0165 (decimal 357)
   defining Unicode char U+0168 (decimal 360)
   defining Unicode char U+0169 (decimal 361)
   defining Unicode char U+016A (decimal 362)
   defining Unicode char U+016B (decimal 363)
   defining Unicode char U+016C (decimal 364)
   defining Unicode char U+016D (decimal 365)
   defining Unicode char U+016E (decimal 366)
   defining Unicode char U+016F (decimal 367)
   defining Unicode char U+0170 (decimal 368)
   defining Unicode char U+0171 (decimal 369)
   defining Unicode char U+0172 (decimal 370)
   defining Unicode char U+0173 (decimal 371)
   defining Unicode char U+0174 (decimal 372)
   defining Unicode char U+0175 (decimal 373)
   defining Unicode char U+0176 (decimal 374)
   defining Unicode char U+0177 (decimal 375)
   defining Unicode char U+0178 (decimal 376)
   defining Unicode char U+0179 (decimal 377)
   defining Unicode char U+017A (decimal 378)
   defining Unicode char U+017B (decimal 379)
   defining Unicode char U+017C (decimal 380)
   defining Unicode char U+017D (decimal 381)
   defining Unicode char U+017E (decimal 382)
   defining Unicode char U+01CD (decimal 461)
   defining Unicode char U+01CE (decimal 462)
   defining Unicode char U+01CF (decimal 463)
   defining Unicode char U+01D0 (decimal 464)
   defining Unicode char U+01D1 (decimal 465)
   defining Unicode char U+01D2 (decimal 466)
   defining Unicode char U+01D3 (decimal 467)
   defining Unicode char U+01D4 (decimal 468)
   defining Unicode char U+01E2 (decimal 482)
   defining Unicode char U+01E3 (decimal 483)
   defining Unicode char U+01E6 (decimal 486)
   defining Unicode char U+01E7 (decimal 487)
   defining Unicode char U+01E8 (decimal 488)
   defining Unicode char U+01E9 (decimal 489)
   defining Unicode char U+01EA (decimal 490)
   defining Unicode char U+01EB (decimal 491)
   defining Unicode char U+01F0 (decimal 496)
   defining Unicode char U+01F4 (decimal 500)
   defining Unicode char U+01F5 (decimal 501)
   defining Unicode char U+0218 (decimal 536)
   defining Unicode char U+0219 (decimal 537)
   defining Unicode char U+021A (decimal 538)
   defining Unicode char U+021B (decimal 539)
   defining Unicode char U+0232 (decimal 562)
   defining Unicode char U+0233 (decimal 563)
   defining Unicode char U+1E02 (decimal 7682)
   defining Unicode char U+1E03 (decimal 7683)
   defining Unicode char U+200C (decimal 8204)
   defining Unicode char U+2010 (decimal 8208)
   defining Unicode char U+2011 (decimal 8209)
   defining Unicode char U+2012 (decimal 8210)
   defining Unicode char U+2013 (decimal 8211)
   defining Unicode char U+2014 (decimal 8212)
   defining Unicode char U+2015 (decimal 8213)
   defining Unicode char U+2018 (decimal 8216)
   defining Unicode char U+2019 (decimal 8217)
   defining Unicode char U+201A (decimal 8218)
   defining Unicode char U+201C (decimal 8220)
   defining Unicode char U+201D (decimal 8221)
   defining Unicode char U+201E (decimal 8222)
   defining Unicode char U+2030 (decimal 8240)
   defining Unicode char U+2031 (decimal 8241)
   defining Unicode char U+2039 (decimal 8249)
   defining Unicode char U+203A (decimal 8250)
   defining Unicode char U+2423 (decimal 9251)
   defining Unicode char U+1E20 (decimal 7712)
   defining Unicode char U+1E21 (decimal 7713)
)
Now handling font encoding OT1 ...
... processing UTF-8 mapping file for font encoding OT1

("C:\Program Files\MiKTeX 2.9\tex\latex\base\ot1enc.dfu"
File: ot1enc.dfu 2017/01/28 v1.1t UTF-8 support for inputenc
   defining Unicode char U+00A0 (decimal 160)
   defining Unicode char U+00A1 (decimal 161)
   defining Unicode char U+00A3 (decimal 163)
   defining Unicode char U+00AD (decimal 173)
   defining Unicode char U+00B8 (decimal 184)
   defining Unicode char U+00BF (decimal 191)
   defining Unicode char U+00C5 (decimal 197)
   defining Unicode char U+00C6 (decimal 198)
   defining Unicode char U+00D8 (decimal 216)
   defining Unicode char U+00DF (decimal 223)
   defining Unicode char U+00E6 (decimal 230)
   defining Unicode char U+00EC (decimal 236)
   defining Unicode char U+00ED (decimal 237)
   defining Unicode char U+00EE (decimal 238)
   defining Unicode char U+00EF (decimal 239)
   defining Unicode char U+00F8 (decimal 248)
   defining Unicode char U+0131 (decimal 305)
   defining Unicode char U+0141 (decimal 321)
   defining Unicode char U+0142 (decimal 322)
   defining Unicode char U+0152 (decimal 338)
   defining Unicode char U+0153 (decimal 339)
   defining Unicode char U+0174 (decimal 372)
   defining Unicode char U+0175 (decimal 373)
   defining Unicode char U+0176 (decimal 374)
   defining Unicode char U+0177 (decimal 375)
   defining Unicode char U+0218 (decimal 536)
   defining Unicode char U+0219 (decimal 537)
   defining Unicode char U+021A (decimal 538)
   defining Unicode char U+021B (decimal 539)
   defining Unicode char U+2013 (decimal 8211)
   defining Unicode char U+2014 (decimal 8212)
   defining Unicode char U+2018 (decimal 8216)
   defining Unicode char U+2019 (decimal 8217)
   defining Unicode char U+201C (decimal 8220)
   defining Unicode char U+201D (decimal 8221)
)
Now handling font encoding OMS ...
... processing UTF-8 mapping file for font encoding OMS

("C:\Program Files\MiKTeX 2.9\tex\latex\base\omsenc.dfu"
File: omsenc.dfu 2017/01/28 v1.1t UTF-8 support for inputenc
   defining Unicode char U+00A7 (decimal 167)
   defining Unicode char U+00B6 (decimal 182)
   defining Unicode char U+00B7 (decimal 183)
   defining Unicode char U+2020 (decimal 8224)
   defining Unicode char U+2021 (decimal 8225)
   defining Unicode char U+2022 (decimal 8226)
)
Now handling font encoding OMX ...
... no UTF-8 mapping file for font encoding OMX
Now handling font encoding U ...
... no UTF-8 mapping file for font encoding U
Now handling font encoding PD1 ...
... no UTF-8 mapping file for font encoding PD1
   defining Unicode char U+00A9 (decimal 169)
   defining Unicode char U+00AA (decimal 170)
   defining Unicode char U+00AE (decimal 174)
   defining Unicode char U+00BA (decimal 186)
   defining Unicode char U+02C6 (decimal 710)
   defining Unicode char U+02DC (decimal 732)
   defining Unicode char U+200C (decimal 8204)
   defining Unicode char U+2026 (decimal 8230)
   defining Unicode char U+2122 (decimal 8482)
   defining Unicode char U+2423 (decimal 9251)
))
("C:\Program Files\MiKTeX 2.9\tex\latex\amsmath\amsmath.sty"
Package: amsmath 2016/11/05 v2.16a AMS math features
\@mathmargin=\skip47

For additional information on amsmath, use the `?' option.
("C:\Program Files\MiKTeX 2.9\tex\latex\amsmath\amstext.sty"
Package: amstext 2000/06/29 v2.01 AMS text

("C:\Program Files\MiKTeX 2.9\tex\latex\amsmath\amsgen.sty"
File: amsgen.sty 1999/11/30 v2.0 generic functions
\@emptytoks=\toks19
\ex@=\dimen110
))
("C:\Program Files\MiKTeX 2.9\tex\latex\amsmath\amsbsy.sty"
Package: amsbsy 1999/11/29 v1.2d Bold Symbols
\pmbraise@=\dimen111
)
("C:\Program Files\MiKTeX 2.9\tex\latex\amsmath\amsopn.sty"
Package: amsopn 2016/03/08 v2.02 operator names
)
\inf@bad=\count101
LaTeX Info: Redefining \frac on input line 213.
\uproot@=\count102
\leftroot@=\count103
LaTeX Info: Redefining \overline on input line 375.
\classnum@=\count104
\DOTSCASE@=\count105
LaTeX Info: Redefining \ldots on input line 472.
LaTeX Info: Redefining \dots on input line 475.
LaTeX Info: Redefining \cdots on input line 596.
\Mathstrutbox@=\box26
\strutbox@=\box27
\big@size=\dimen112
LaTeX Font Info:    Redeclaring font encoding OML on input line 712.
LaTeX Font Info:    Redeclaring font encoding OMS on input line 713.
\macc@depth=\count106
\c@MaxMatrixCols=\count107
\dotsspace@=\muskip11
\c@parentequation=\count108
\dspbrk@lvl=\count109
\tag@help=\toks20
\row@=\count110
\column@=\count111
\maxfields@=\count112
\andhelp@=\toks21
\eqnshift@=\dimen113
\alignsep@=\dimen114
\tagshift@=\dimen115
\tagwidth@=\dimen116
\totwidth@=\dimen117
\lineht@=\dimen118
\@envbody=\toks22
\multlinegap=\skip48
\multlinetaggap=\skip49
\mathdisplay@stack=\toks23
LaTeX Info: Redefining \[ on input line 2817.
LaTeX Info: Redefining \] on input line 2818.
)
("C:\Program Files\MiKTeX 2.9\tex\latex\amsfonts\amsfonts.sty"
Package: amsfonts 2013/01/14 v3.01 Basic AMSFonts support
\symAMSa=\mathgroup6
\symAMSb=\mathgroup7
LaTeX Font Info:    Overwriting math alphabet `\mathfrak' in version `bold'
(Font)                  U/euf/m/n --> U/euf/b/n on input line 106.
)
("C:\Program Files\MiKTeX 2.9\tex\latex\amsfonts\amssymb.sty"
Package: amssymb 2013/01/14 v3.01 AMS font symbols
)
("C:\Program Files\MiKTeX 2.9\tex\latex\graphics\graphicx.sty"
Package: graphicx 2014/10/28 v1.0g Enhanced LaTeX Graphics (DPC,SPQR)

("C:\Program Files\MiKTeX 2.9\tex\latex\graphics\graphics.sty"
Package: graphics 2017/04/14 v1.1b Standard LaTeX Graphics (DPC,SPQR)

("C:\Program Files\MiKTeX 2.9\tex\latex\graphics\trig.sty"
Package: trig 2016/01/03 v1.10 sin cos tan (DPC)
)
("C:\Program Files\MiKTeX 2.9\tex\latex\graphics-cfg\graphics.cfg"
File: graphics.cfg 2016/06/04 v1.11 sample graphics configuration
)
Package graphics Info: Driver file: pdftex.def on input line 99.

("C:\Program Files\MiKTeX 2.9\tex\latex\graphics-def\pdftex.def"
File: pdftex.def 2017/01/12 v0.06k Graphics/color for pdfTeX
\Gread@gobject=\count113
))
\Gin@req@height=\dimen119
\Gin@req@width=\dimen120
)
("C:\Program Files\MiKTeX 2.9\tex\latex\xcolor\xcolor.sty"
Package: xcolor 2016/05/11 v2.12 LaTeX color extensions (UK)

("C:\Program Files\MiKTeX 2.9\tex\latex\graphics-cfg\color.cfg"
File: color.cfg 2016/01/02 v1.6 sample color configuration
)
Package xcolor Info: Driver file: pdftex.def on input line 225.
Package xcolor Info: Model `cmy' substituted by `cmy0' on input line 1348.
Package xcolor Info: Model `hsb' substituted by `rgb' on input line 1352.
Package xcolor Info: Model `RGB' extended on input line 1364.
Package xcolor Info: Model `HTML' substituted by `rgb' on input line 1366.
Package xcolor Info: Model `Hsb' substituted by `hsb' on input line 1367.
Package xcolor Info: Model `tHsb' substituted by `hsb' on input line 1368.
Package xcolor Info: Model `HSB' substituted by `hsb' on input line 1369.
Package xcolor Info: Model `Gray' substituted by `gray' on input line 1370.
Package xcolor Info: Model `wave' substituted by `hsb' on input line 1371.
)
("C:\Program Files\MiKTeX 2.9\tex\generic\babel\babel.sty"
Package: babel 2017/05/19 3.10 The Babel package

*************************************
* Local config file bblopts.cfg used
*
("C:\Program Files\MiKTeX 2.9\tex\latex\arabi\bblopts.cfg"
File: bblopts.cfg 2005/09/08 v0.1 add Arabic and Farsi to "declared" options of
 babel
)
("C:\Program Files\MiKTeX 2.9\tex\latex\babel-english\english.ldf"
Language: english 2017/01/24 v3.3q English support from the babel system

("C:\Program Files\MiKTeX 2.9\tex\generic\babel\babel.def"
File: babel.def 2017/05/19 3.10 Babel common definitions
\babel@savecnt=\count114
\U@D=\dimen121
)
\l@canadian = a dialect from \language\l@american 
\l@australian = a dialect from \language\l@british 
\l@newzealand = a dialect from \language\l@british 
))
("C:\Program Files\MiKTeX 2.9\tex\latex\booktabs\booktabs.sty"
Package: booktabs 2005/04/14 v1.61803 publication quality tables
\heavyrulewidth=\dimen122
\lightrulewidth=\dimen123
\cmidrulewidth=\dimen124
\belowrulesep=\dimen125
\belowbottomsep=\dimen126
\aboverulesep=\dimen127
\abovetopsep=\dimen128
\cmidrulesep=\dimen129
\cmidrulekern=\dimen130
\defaultaddspace=\dimen131
\@cmidla=\count115
\@cmidlb=\count116
\@aboverulesep=\dimen132
\@belowrulesep=\dimen133
\@thisruleclass=\count117
\@lastruleclass=\count118
\@thisrulewidth=\dimen134
) (tabulary.sty
Package: tabulary 2014/06/11 v0.10 tabulary package (DPC)

("C:\Program Files\MiKTeX 2.9\tex\latex\tools\array.sty"
Package: array 2016/10/06 v2.4d Tabular extension package (FMi)
\col@sep=\dimen135
\extrarowheight=\dimen136
\NC@list=\toks24
\extratabsurround=\skip50
\backup@length=\skip51
)
\TY@count=\count119
\TY@linewidth=\dimen137
\tymin=\dimen138
\tymax=\dimen139
\TY@tablewidth=\dimen140
) (algorithm2e.sty
Package: algorithm2e 2013/01/06 v5.00 algorithms environments
\c@AlgoLine=\count120

(xspace.sty) (relsize.sty
Package: relsize 2013/03/29 ver 4.1
)
********************************************************
Package `algorithm2e' Release 5.0 -- january 06 2013 --
- algorithm2e-announce@lirmm.fr mailing list for announcement about releases
- algorithm2e-discussion@lirmm.fr mailing list for discussion about package
subscribe by emailing sympa@lirmm.fr with 'subscribe <list> <firstname name>'
- Author: Christophe Fiorio (cfiorio@um2.fr)
********************************************************
\skiptotal=\skip52
\skiplinenumber=\skip53
\skiprule=\skip54
\skiphlne=\skip55
\skiptext=\skip56
\skiplength=\skip57
\algomargin=\skip58
\skipalgocfslide=\skip59
\algowidth=\dimen141
\inoutsize=\dimen142
\inoutindent=\dimen143
\interspacetitleruled=\dimen144
\interspacealgoruled=\dimen145
\interspacetitleboxruled=\dimen146
\algocf@inoutbox=\box28
\algocf@inputbox=\box29
\AlCapSkip=\skip60
\AlCapHSkip=\skip61
\algoskipindent=\skip62
\algocf@nlbox=\box30
\algocf@hangingbox=\box31
\algocf@untilbox=\box32
\algocf@skipuntil=\skip63
\algocf@capbox=\box33
\algoheightruledefault=\skip64
\algoheightrule=\skip65
\algotitleheightruledefault=\skip66
\algotitleheightrule=\skip67
\c@algocfline=\count121
\c@algocfproc=\count122
\c@algocf=\count123
\algocf@algoframe=\box34
\algocf@algobox=\box35
) ("C:\Program Files\MiKTeX 2.9\tex\latex\geometry\geometry.sty"
Package: geometry 2010/09/12 v5.6 Page Geometry
\Gm@cnth=\count124
\Gm@cntv=\count125
\c@Gm@tempcnt=\count126
\Gm@bindingoffset=\dimen147
\Gm@wd@mp=\dimen148
\Gm@odd@mp=\dimen149
\Gm@even@mp=\dimen150
\Gm@layoutwidth=\dimen151
\Gm@layoutheight=\dimen152
\Gm@layouthoffset=\dimen153
\Gm@layoutvoffset=\dimen154
\Gm@dimlist=\toks25

("C:\Program Files\MiKTeX 2.9\tex\latex\geometry\geometry.cfg"))
(dblfloatfix.sty
Package: dblfloatfix 2012/12/31 v1.0a (JAW)
 ("C:\Program Files\MiKTeX 2.9\tex\latex\base\fixltx2e.sty"
Package: fixltx2e 2016/12/29 v2.1a fixes to LaTeX (obsolete)
Applying: [2015/01/01] Old fixltx2e package on input line 46.


Package fixltx2e Warning: fixltx2e is not required with releases after 2015
(fixltx2e)                All fixes are now in the LaTeX kernel.
(fixltx2e)                See the latexrelease package for details.

Already applied: [0000/00/00] Old fixltx2e package on input line 53.
)
\@dblbotnum=\count127
\c@dblbotnumber=\count128
) ("C:\Program Files\MiKTeX 2.9\tex\latex\caption\caption.sty"
Package: caption 2016/02/21 v3.3-144 Customizing captions (AR)

("C:\Program Files\MiKTeX 2.9\tex\latex\caption\caption3.sty"
Package: caption3 2016/05/22 v1.7-166 caption3 kernel (AR)
Package caption3 Info: TeX engine: e-TeX on input line 67.
\captionmargin=\dimen155
\captionmargin@=\dimen156
\captionwidth=\dimen157
\caption@tempdima=\dimen158
\caption@indent=\dimen159
\caption@parindent=\dimen160
\caption@hangindent=\dimen161
)
\c@ContinuedFloat=\count129
Package caption Info: hyperref package is loaded.
)
("C:\Program Files\MiKTeX 2.9\tex\latex\fancyhdr\fancyhdr.sty"
Package: fancyhdr 2017/06/30 v3.9a Extensive control of page headers and footer
s
\f@nch@headwidth=\skip68
\f@nch@O@elh=\skip69
\f@nch@O@erh=\skip70
\f@nch@O@olh=\skip71
\f@nch@O@orh=\skip72
\f@nch@O@elf=\skip73
\f@nch@O@erf=\skip74
\f@nch@O@olf=\skip75
\f@nch@O@orf=\skip76
) (lastpage.sty
Package: lastpage 2015/03/29 v1.2m Refers to last page's name (HMM; JPG)
)
(titlesec.sty
Package: titlesec 2011/12/15 v2.10.0 Sectioning titles
\ttl@box=\box36
\beforetitleunit=\skip77
\aftertitleunit=\skip78
\ttl@plus=\dimen162
\ttl@minus=\dimen163
\ttl@toksa=\toks26
\titlewidth=\dimen164
\titlewidthlast=\dimen165
\titlewidthfirst=\dimen166
) (ttlkeys.def
File: ttlkeys.def 2011/12/15
)
\tocsep=\skip79
 (titletoc.sty
Package: titletoc 2011/12/15 v1.6 TOC entries
\ttl@leftsep=\dimen167
)
\@authcnt=\count130
\@tmpcnt=\count131
 (enumitem.sty
Package: enumitem 2011/09/28 v3.5.2 Customized lists
\labelindent=\skip80
\enit@outerparindent=\dimen168
\enit@toks=\toks27
\enit@inbox=\box37
\enitdp@description=\count132
))
("C:\Program Files\MiKTeX 2.9\tex\latex\microtype\microtype.sty"
Package: microtype 2017/07/07 v2.7 Micro-typographical refinements (RS)
\MT@toks=\toks28
\MT@count=\count133
LaTeX Info: Redefining \textls on input line 789.
\MT@outer@kern=\dimen169
LaTeX Info: Redefining \textmicrotypecontext on input line 1334.
\MT@listname@count=\count134

("C:\Program Files\MiKTeX 2.9\tex\latex\microtype\microtype-pdftex.def"
File: microtype-pdftex.def 2017/07/07 v2.7 Definitions specific to pdftex (RS)
LaTeX Info: Redefining \lsstyle on input line 912.
LaTeX Info: Redefining \lslig on input line 912.
\MT@outer@space=\skip81
)
Package microtype Info: Loading configuration file microtype.cfg.

("C:\Program Files\MiKTeX 2.9\tex\latex\microtype\microtype.cfg"
File: microtype.cfg 2017/07/07 v2.7 microtype main configuration file (RS)
))
(kolokium_layout.tex
Package hyperref Info: Option `colorlinks' set `true' on input line 22.
Package hyperref Info: Option `breaklinks' set `true' on input line 22.
Package hyperref Info: Option `bookmarksopen' set `false' on input line 22.
) (hype_indonesia.tex) (kolokium_information.tex)
("C:\Program Files\MiKTeX 2.9\tex\latex\colortbl\colortbl.sty"
Package: colortbl 2012/02/13 v1.0a Color table columns (DPC)
\everycr=\toks29
\minrowclearance=\skip82
)
("C:\Program Files\MiKTeX 2.9\tex\latex\tools\multicol.sty"
Package: multicol 2017/04/11 v1.8q multicolumn formatting (FMi)
\c@tracingmulticols=\count135
\mult@box=\box38
\multicol@leftmargin=\dimen170
\c@unbalance=\count136
\c@collectmore=\count137
\doublecol@number=\count138
\multicoltolerance=\count139
\multicolpretolerance=\count140
\full@width=\dimen171
\page@free=\dimen172
\premulticols=\dimen173
\postmulticols=\dimen174
\multicolsep=\skip83
\multicolbaselineskip=\skip84
\partial@page=\box39
\last@line=\box40
\maxbalancingoverflow=\dimen175
\mult@rightbox=\box41
\mult@grightbox=\box42
\mult@gfirstbox=\box43
\mult@firstbox=\box44
\@tempa=\box45
\@tempa=\box46
\@tempa=\box47
\@tempa=\box48
\@tempa=\box49
\@tempa=\box50
\@tempa=\box51
\@tempa=\box52
\@tempa=\box53
\@tempa=\box54
\@tempa=\box55
\@tempa=\box56
\@tempa=\box57
\@tempa=\box58
\@tempa=\box59
\@tempa=\box60
\@tempa=\box61
\c@columnbadness=\count141
\c@finalcolumnbadness=\count142
\last@try=\dimen176
\multicolovershoot=\dimen177
\multicolundershoot=\dimen178
\mult@nat@firstbox=\box62
\colbreak@box=\box63
\mc@col@check@num=\count143
)
("C:\Program Files\MiKTeX 2.9\tex\latex\multirow\multirow.sty"
Package: multirow 2016/11/25 v2.2 Span multiple rows of a table
\multirow@colwidth=\skip85
\multirow@cntb=\count144
\multirow@dima=\skip86
\bigstrutjot=\dimen179
)
("C:\Program Files\MiKTeX 2.9\tex\latex\biblatex\biblatex.sty"
Package: biblatex 2016/12/05 v3.7 programmable bibliographies (PK/JW/AB)

("C:\Program Files\MiKTeX 2.9\tex\latex\etoolbox\etoolbox.sty"
Package: etoolbox 2017/01/02 v2.4 e-TeX tools for LaTeX (JAW)
\etb@tempcnta=\count145
)
("C:\Program Files\MiKTeX 2.9\tex\latex\logreq\logreq.sty"
Package: logreq 2010/08/04 v1.0 xml request logger
\lrq@indent=\count146

("C:\Program Files\MiKTeX 2.9\tex\latex\logreq\logreq.def"
File: logreq.def 2010/08/04 v1.0 logreq spec v1.0
))
("C:\Program Files\MiKTeX 2.9\tex\latex\xstring\xstring.sty"
("C:\Program Files\MiKTeX 2.9\tex\generic\xstring\xstring.tex"
\@xs@message=\write3
\integerpart=\count147
\decimalpart=\count148
)
Package: xstring 2013/10/13  v1.7c  String manipulations (C Tellechea)
)
\c@tabx@nest=\count149
\c@listtotal=\count150
\c@listcount=\count151
\c@liststart=\count152
\c@liststop=\count153
\c@citecount=\count154
\c@citetotal=\count155
\c@multicitecount=\count156
\c@multicitetotal=\count157
\c@instcount=\count158
\c@maxnames=\count159
\c@minnames=\count160
\c@maxitems=\count161
\c@minitems=\count162
\c@citecounter=\count163
\c@savedcitecounter=\count164
\c@uniquelist=\count165
\c@uniquename=\count166
\c@refsection=\count167
\c@refsegment=\count168
\c@maxextratitle=\count169
\c@maxextratitleyear=\count170
\c@maxextrayear=\count171
\c@maxextraalpha=\count172
\c@abbrvpenalty=\count173
\c@highnamepenalty=\count174
\c@lownamepenalty=\count175
\c@maxparens=\count176
\c@parenlevel=\count177
\blx@tempcnta=\count178
\blx@tempcntb=\count179
\blx@tempcntc=\count180
\blx@maxsection=\count181
\blx@maxsegment@0=\count182
\blx@notetype=\count183
\blx@parenlevel@text=\count184
\blx@parenlevel@foot=\count185
\blx@sectionciteorder@0=\count186
\labelnumberwidth=\skip87
\labelalphawidth=\skip88
\biblabelsep=\skip89
\bibitemsep=\skip90
\bibnamesep=\skip91
\bibinitsep=\skip92
\bibparsep=\skip93
\bibhang=\skip94
\blx@bcfin=\read1
\blx@bcfout=\write4
\c@mincomprange=\count187
\c@maxcomprange=\count188
\c@mincompwidth=\count189
Package biblatex Info: Trying to load biblatex default data model...
Package biblatex Info: ... file 'blx-dm.def' found.

("C:\Program Files\MiKTeX 2.9\tex\latex\biblatex\blx-dm.def")
Package biblatex Info: Trying to load biblatex style data model...
Package biblatex Info: ... file 'authoryear.dbx' not found.
Package biblatex Info: Trying to load biblatex custom data model...
Package biblatex Info: ... file 'biblatex-dm.cfg' not found.
\c@afterword=\count190
\c@savedafterword=\count191
\c@annotator=\count192
\c@savedannotator=\count193
\c@author=\count194
\c@savedauthor=\count195
\c@bookauthor=\count196
\c@savedbookauthor=\count197
\c@commentator=\count198
\c@savedcommentator=\count199
\c@editor=\count266
\c@savededitor=\count267
\c@editora=\count268
\c@savededitora=\count269
\c@editorb=\count270
\c@savededitorb=\count271
\c@editorc=\count272
\c@savededitorc=\count273
\c@foreword=\count274
\c@savedforeword=\count275
\c@holder=\count276
\c@savedholder=\count277
\c@introduction=\count278
\c@savedintroduction=\count279
\c@namea=\count280
\c@savednamea=\count281
\c@nameb=\count282
\c@savednameb=\count283
\c@namec=\count284
\c@savednamec=\count285
\c@translator=\count286
\c@savedtranslator=\count287
\c@shortauthor=\count288
\c@savedshortauthor=\count289
\c@shorteditor=\count290
\c@savedshorteditor=\count291
\c@labelname=\count292
\c@savedlabelname=\count293
\c@institution=\count294
\c@savedinstitution=\count295
\c@lista=\count296
\c@savedlista=\count297
\c@listb=\count298
\c@savedlistb=\count299
\c@listc=\count300
\c@savedlistc=\count301
\c@listd=\count302
\c@savedlistd=\count303
\c@liste=\count304
\c@savedliste=\count305
\c@listf=\count306
\c@savedlistf=\count307
\c@location=\count308
\c@savedlocation=\count309
\c@organization=\count310
\c@savedorganization=\count311
\c@origlocation=\count312
\c@savedoriglocation=\count313
\c@origpublisher=\count314
\c@savedorigpublisher=\count315
\c@publisher=\count316
\c@savedpublisher=\count317
\c@language=\count318
\c@savedlanguage=\count319
\c@pageref=\count320
\c@savedpageref=\count321
\shorthandwidth=\skip95
\shortjournalwidth=\skip96
\shortserieswidth=\skip97
\shorttitlewidth=\skip98
\shortauthorwidth=\skip99
\shorteditorwidth=\skip100
Package biblatex Info: Trying to load compatibility code...
Package biblatex Info: ... file 'blx-compat.def' found.

("C:\Program Files\MiKTeX 2.9\tex\latex\biblatex\blx-compat.def"
File: blx-compat.def 2016/12/05 v3.7 biblatex compatibility (PK/JW/AB)
)
Package biblatex Info: Trying to load generic definitions...
Package biblatex Info: ... file 'biblatex.def' found.

("C:\Program Files\MiKTeX 2.9\tex\latex\biblatex\biblatex.def"
File: biblatex.def 2016/12/05 v3.7 biblatex compatibility (PK/JW/AB)
\c@textcitecount=\count322
\c@textcitetotal=\count323
\c@textcitemaxnames=\count324
\c@biburlnumpenalty=\count325
\c@biburlucpenalty=\count326
\c@biburllcpenalty=\count327
\c@smartand=\count328
)
Package biblatex Info: Trying to load bibliography style 'authoryear'...
Package biblatex Info: ... file 'authoryear.bbx' found.

("C:\Program Files\MiKTeX 2.9\tex\latex\biblatex\bbx\authoryear.bbx"
File: authoryear.bbx 2016/12/05 v3.7 biblatex bibliography style (PK/JW/AB)
Package biblatex Info: Trying to load bibliography style 'standard'...
Package biblatex Info: ... file 'standard.bbx' found.

("C:\Program Files\MiKTeX 2.9\tex\latex\biblatex\bbx\standard.bbx"
File: standard.bbx 2016/12/05 v3.7 biblatex bibliography style (PK/JW/AB)
\c@bbx:relatedcount=\count329
\c@bbx:relatedtotal=\count330
))
Package biblatex Info: Trying to load citation style 'authoryear'...
Package biblatex Info: ... file 'authoryear.cbx' found.

("C:\Program Files\MiKTeX 2.9\tex\latex\biblatex\cbx\authoryear.cbx"
File: authoryear.cbx 2016/12/05 v3.7 biblatex citation style (PK/JW/AB)
Package biblatex Info: Redefining '\cite'.
Package biblatex Info: Redefining '\parencite'.
Package biblatex Info: Redefining '\footcite'.
Package biblatex Info: Redefining '\footcitetext'.
Package biblatex Info: Redefining '\smartcite'.
Package biblatex Info: Redefining '\textcite'.
Package biblatex Info: Redefining '\textcites'.
)
Package biblatex Info: Trying to load configuration file...
Package biblatex Info: ... file 'biblatex.cfg' found.

("C:\Program Files\MiKTeX 2.9\tex\latex\biblatex\biblatex.cfg"
File: biblatex.cfg 
))
("C:\Program Files\MiKTeX 2.9\tex\latex\xpatch\xpatch.sty"
("C:\Program Files\MiKTeX 2.9\tex\latex\l3kernel\expl3.sty"
Package: expl3 2017/07/19 L3 programming layer (loader) 

("C:\Program Files\MiKTeX 2.9\tex\latex\l3kernel\expl3-code.tex"
Package: expl3 2017/07/19 L3 programming layer (code)
\c_max_int=\count331
\l_tmpa_int=\count332
\l_tmpb_int=\count333
\g_tmpa_int=\count334
\g_tmpb_int=\count335
\g__intarray_font_int=\count336
\g__prg_map_int=\count337
\c_log_iow=\count338
\l_iow_line_count_int=\count339
\l__iow_line_target_int=\count340
\l__iow_one_indent_int=\count341
\l__iow_indent_int=\count342
\c_zero_dim=\dimen180
\c_max_dim=\dimen181
\l_tmpa_dim=\dimen182
\l_tmpb_dim=\dimen183
\g_tmpa_dim=\dimen184
\g_tmpb_dim=\dimen185
\c_zero_skip=\skip101
\c_max_skip=\skip102
\l_tmpa_skip=\skip103
\l_tmpb_skip=\skip104
\g_tmpa_skip=\skip105
\g_tmpb_skip=\skip106
\c_zero_muskip=\muskip12
\c_max_muskip=\muskip13
\l_tmpa_muskip=\muskip14
\l_tmpb_muskip=\muskip15
\g_tmpa_muskip=\muskip16
\g_tmpb_muskip=\muskip17
\l_keys_choice_int=\count343
\c__fp_leading_shift_int=\count344
\c__fp_middle_shift_int=\count345
\c__fp_trailing_shift_int=\count346
\c__fp_big_leading_shift_int=\count347
\c__fp_big_middle_shift_int=\count348
\c__fp_big_trailing_shift_int=\count349
\c__fp_Bigg_leading_shift_int=\count350
\c__fp_Bigg_middle_shift_int=\count351
\c__fp_Bigg_trailing_shift_int=\count352
\c__fp_rand_size_int=\count353
\c__fp_rand_four_int=\count354
\c__fp_rand_eight_int=\count355
\l__sort_length_int=\count356
\l__sort_min_int=\count357
\l__sort_top_int=\count358
\l__sort_max_int=\count359
\l__sort_true_max_int=\count360
\l__sort_block_int=\count361
\l__sort_begin_int=\count362
\l__sort_end_int=\count363
\l__sort_A_int=\count364
\l__sort_B_int=\count365
\l__sort_C_int=\count366
\l__tl_build_start_index_int=\count367
\l__tl_build_index_int=\count368
\l__tl_analysis_normal_int=\count369
\l__tl_analysis_index_int=\count370
\l__tl_analysis_nesting_int=\count371
\l__tl_analysis_type_int=\count372
\l__regex_internal_a_int=\count373
\l__regex_internal_b_int=\count374
\l__regex_internal_c_int=\count375
\l__regex_balance_int=\count376
\l__regex_group_level_int=\count377
\l__regex_mode_int=\count378
\c__regex_cs_in_class_mode_int=\count379
\c__regex_cs_mode_int=\count380
\l__regex_catcodes_int=\count381
\l__regex_default_catcodes_int=\count382
\c__regex_catcode_D_int=\count383
\c__regex_catcode_S_int=\count384
\c__regex_catcode_L_int=\count385
\c__regex_catcode_O_int=\count386
\c__regex_catcode_A_int=\count387
\c__regex_all_catcodes_int=\count388
\l__regex_show_lines_int=\count389
\l__regex_min_state_int=\count390
\l__regex_max_state_int=\count391
\l__regex_left_state_int=\count392
\l__regex_right_state_int=\count393
\l__regex_capturing_group_int=\count394
\l__regex_min_pos_int=\count395
\l__regex_max_pos_int=\count396
\l__regex_curr_pos_int=\count397
\l__regex_start_pos_int=\count398
\l__regex_success_pos_int=\count399
\l__regex_curr_char_int=\count400
\l__regex_curr_catcode_int=\count401
\l__regex_last_char_int=\count402
\l__regex_case_changed_char_int=\count403
\l__regex_curr_state_int=\count404
\l__regex_step_int=\count405
\l__regex_min_active_int=\count406
\l__regex_max_active_int=\count407
\l__regex_replacement_csnames_int=\count408
\l__regex_match_count_int=\count409
\l__regex_min_submatch_int=\count410
\l__regex_submatch_int=\count411
\l__regex_zeroth_submatch_int=\count412
\g__debug_trace_regex_int=\count413
\c_empty_box=\box64
\l_tmpa_box=\box65
\l_tmpb_box=\box66
\g_tmpa_box=\box67
\g_tmpb_box=\box68
\l__box_top_dim=\dimen186
\l__box_bottom_dim=\dimen187
\l__box_left_dim=\dimen188
\l__box_right_dim=\dimen189
\l__box_top_new_dim=\dimen190
\l__box_bottom_new_dim=\dimen191
\l__box_left_new_dim=\dimen192
\l__box_right_new_dim=\dimen193
\l__box_internal_box=\box69
\l__coffin_internal_box=\box70
\l__coffin_internal_dim=\dimen194
\l__coffin_offset_x_dim=\dimen195
\l__coffin_offset_y_dim=\dimen196
\l__coffin_x_dim=\dimen197
\l__coffin_y_dim=\dimen198
\l__coffin_x_prime_dim=\dimen199
\l__coffin_y_prime_dim=\dimen256
\c_empty_coffin=\box71
\l__coffin_aligned_coffin=\box72
\l__coffin_aligned_internal_coffin=\box73
\l_tmpa_coffin=\box74
\l_tmpb_coffin=\box75
\l__coffin_display_coffin=\box76
\l__coffin_display_coord_coffin=\box77
\l__coffin_display_pole_coffin=\box78
\l__coffin_display_offset_dim=\dimen257
\l__coffin_display_x_dim=\dimen258
\l__coffin_display_y_dim=\dimen259
\l__coffin_bounding_shift_dim=\dimen260
\l__coffin_left_corner_dim=\dimen261
\l__coffin_right_corner_dim=\dimen262
\l__coffin_bottom_corner_dim=\dimen263
\l__coffin_top_corner_dim=\dimen264
\l__coffin_scaled_total_height_dim=\dimen265
\l__coffin_scaled_width_dim=\dimen266
)
("C:\Program Files\MiKTeX 2.9\tex\latex\l3kernel\l3pdfmode.def"
File: l3pdfmode.def 2017/03/18 v L3 Experimental driver: PDF mode
\l__driver_color_stack_int=\count414
\l__driver_tmp_box=\box79
))
Package: xpatch 2012/10/02 v0.3 Extending etoolbox patching commands

("C:\Program Files\MiKTeX 2.9\tex\latex\l3packages\xparse\xparse.sty"
Package: xparse 2017/07/19 L3 Experimental document command parser
\l__xparse_current_arg_int=\count415
\g__xparse_grabber_int=\count416
\l__xparse_m_args_int=\count417
\l__xparse_mandatory_args_int=\count418
\l__xparse_v_nesting_int=\count419
)
.................................................
. LaTeX info: "xparse/define-command"
. 
. Defining command \xpatchcmd with sig. '' on line 125.
.................................................
.................................................
. LaTeX info: "xparse/define-command"
. 
. Defining command \xpretocmd with sig. '' on line 126.
.................................................
.................................................
. LaTeX info: "xparse/define-command"
. 
. Defining command \xapptocmd with sig. '' on line 127.
.................................................
.................................................
. LaTeX info: "xparse/define-command"
. 
. Defining command \xshowcmd with sig. '' on line 128.
.................................................
.................................................
. LaTeX info: "xparse/define-command"
. 
. Defining command \xpatchbibmacro with sig. 'm' on line 131.
.................................................
.................................................
. LaTeX info: "xparse/define-command"
. 
. Defining command \xpretobibmacro with sig. 'm' on line 133.
.................................................
.................................................
. LaTeX info: "xparse/define-command"
. 
. Defining command \xapptobibmacro with sig. 'm' on line 135.
.................................................
.................................................
. LaTeX info: "xparse/define-command"
. 
. Defining command \xshowbibmacro with sig. 'm' on line 137.
.................................................
.................................................
. LaTeX info: "xparse/define-command"
. 
. Defining command \xpatchfieldformat with sig. 'O{*}m' on line 139.
.................................................
.................................................
. LaTeX info: "xparse/define-command"
. 
. Defining command \xpretofieldformat with sig. 'O{*}m' on line 141.
.................................................
.................................................
. LaTeX info: "xparse/define-command"
. 
. Defining command \xapptofieldformat with sig. 'O{*}m' on line 143.
.................................................
.................................................
. LaTeX info: "xparse/define-command"
. 
. Defining command \xshowfieldformat with sig. 'O{*}m' on line 145.
.................................................
.................................................
. LaTeX info: "xparse/define-command"
. 
. Defining command \xpatchnameformat with sig. 'O{*}m' on line 147.
.................................................
.................................................
. LaTeX info: "xparse/define-command"
. 
. Defining command \xpretonameformat with sig. 'O{*}m' on line 149.
.................................................
.................................................
. LaTeX info: "xparse/define-command"
. 
. Defining command \xapptonameformat with sig. 'O{*}m' on line 151.
.................................................
.................................................
. LaTeX info: "xparse/define-command"
. 
. Defining command \xshownameformat with sig. 'O{*}m' on line 153.
.................................................
.................................................
. LaTeX info: "xparse/define-command"
. 
. Defining command \xpatchlistformat with sig. 'O{*}m' on line 155.
.................................................
.................................................
. LaTeX info: "xparse/define-command"
. 
. Defining command \xpretolistformat with sig. 'O{*}m' on line 157.
.................................................
.................................................
. LaTeX info: "xparse/define-command"
. 
. Defining command \xapptolistformat with sig. 'O{*}m' on line 159.
.................................................
.................................................
. LaTeX info: "xparse/define-command"
. 
. Defining command \xshowlistformat with sig. 'O{*}m' on line 161.
.................................................
.................................................
. LaTeX info: "xparse/define-command"
. 
. Defining command \xpatchindexfieldformat with sig. 'O{*}m' on line 163.
.................................................
.................................................
. LaTeX info: "xparse/define-command"
. 
. Defining command \xpretoindexfieldformat with sig. 'O{*}m' on line 165.
.................................................
.................................................
. LaTeX info: "xparse/define-command"
. 
. Defining command \xapptoindexfieldformat with sig. 'O{*}m' on line 167.
.................................................
.................................................
. LaTeX info: "xparse/define-command"
. 
. Defining command \xshowindexfieldformat with sig. 'O{*}m' on line 169.
.................................................
.................................................
. LaTeX info: "xparse/define-command"
. 
. Defining command \xpatchindexnameformat with sig. 'O{*}m' on line 171.
.................................................
.................................................
. LaTeX info: "xparse/define-command"
. 
. Defining command \xpretoindexnameformat with sig. 'O{*}m' on line 173.
.................................................
.................................................
. LaTeX info: "xparse/define-command"
. 
. Defining command \xapptoindexnameformat with sig. 'O{*}m' on line 175.
.................................................
.................................................
. LaTeX info: "xparse/define-command"
. 
. Defining command \xshowindexnameformat with sig. 'O{*}m' on line 177.
.................................................
.................................................
. LaTeX info: "xparse/define-command"
. 
. Defining command \xpatchindexlistformat with sig. 'O{*}m' on line 179.
.................................................
.................................................
. LaTeX info: "xparse/define-command"
. 
. Defining command \xpretoindexlistformat with sig. 'O{*}m' on line 181.
.................................................
.................................................
. LaTeX info: "xparse/define-command"
. 
. Defining command \xappindextolistformat with sig. 'O{*}m' on line 183.
.................................................
.................................................
. LaTeX info: "xparse/define-command"
. 
. Defining command \xshowindexlistformat with sig. 'O{*}m' on line 185.
.................................................
.................................................
. LaTeX info: "xparse/define-command"
. 
. Defining command \xpatchbibdriver with sig. 'm' on line 187.
.................................................
.................................................
. LaTeX info: "xparse/define-command"
. 
. Defining command \xpretobibdriver with sig. 'm' on line 189.
.................................................
.................................................
. LaTeX info: "xparse/define-command"
. 
. Defining command \xapptobibdriver with sig. 'm' on line 191.
.................................................
.................................................
. LaTeX info: "xparse/define-command"
. 
. Defining command \xshowbibdriver with sig. 'm' on line 193.
.................................................
)
(abstrak.tex)
Package biblatex Info: Trying to load language 'english'...
Package biblatex Info: ... file 'english.lbx' found.
 ("C:\Program Files\MiKTeX 2.9\tex\latex\biblatex\lbx\english.lbx"
File: english.lbx 2016/12/05 v3.7 biblatex localization (PK/JW/AB)
)

Package biblatex Warning: 'babel/polyglossia' detected but 'csquotes' missing.
(biblatex)                Loading 'csquotes' recommended.

\@quotelevel=\count420
\@quotereset=\count421
(kolokium_ekstensi.aux

LaTeX Warning: Label `my-label' multiply defined.


LaTeX Warning: Label `fig:usecase1' multiply defined.


LaTeX Warning: Label `fig:erd1' multiply defined.


LaTeX Warning: Label `my-label' multiply defined.


LaTeX Warning: Label `my-label' multiply defined.


LaTeX Warning: Label `my-label' multiply defined.


LaTeX Warning: Label `my-label' multiply defined.


LaTeX Warning: Label `my-label' multiply defined.


LaTeX Warning: Label `my-label' multiply defined.


LaTeX Warning: Label `my-label' multiply defined.


LaTeX Warning: Label `my-label' multiply defined.


LaTeX Warning: Label `my-label' multiply defined.


LaTeX Warning: Label `my-label' multiply defined.

)
\openout1 = `kolokium_ekstensi.aux'.

LaTeX Font Info:    Checking defaults for OML/cmm/m/it on input line 130.
LaTeX Font Info:    ... okay on input line 130.
LaTeX Font Info:    Checking defaults for T1/cmr/m/n on input line 130.
LaTeX Font Info:    ... okay on input line 130.
LaTeX Font Info:    Checking defaults for OT1/cmr/m/n on input line 130.
LaTeX Font Info:    ... okay on input line 130.
LaTeX Font Info:    Checking defaults for OMS/cmsy/m/n on input line 130.
LaTeX Font Info:    ... okay on input line 130.
LaTeX Font Info:    Checking defaults for OMX/cmex/m/n on input line 130.
LaTeX Font Info:    ... okay on input line 130.
LaTeX Font Info:    Checking defaults for U/cmr/m/n on input line 130.
LaTeX Font Info:    ... okay on input line 130.
LaTeX Font Info:    Checking defaults for PD1/pdf/m/n on input line 130.
LaTeX Font Info:    ... okay on input line 130.
LaTeX Font Info:    Try loading font information for OT1+ptm on input line 130.

 ("C:\Program Files\MiKTeX 2.9\tex\latex\psnfss\ot1ptm.fd"
File: ot1ptm.fd 2001/06/04 font definitions for OT1/ptm.
)
\AtBeginShipoutBox=\box80
Package hyperref Info: Link coloring ON on input line 130.

("C:\Program Files\MiKTeX 2.9\tex\latex\hyperref\nameref.sty"
Package: nameref 2016/05/21 v2.44 Cross-referencing by name of section

("C:\Program Files\MiKTeX 2.9\tex\generic\oberdiek\gettitlestring.sty"
Package: gettitlestring 2016/05/16 v1.5 Cleanup title references (HO)
)
\c@section@level=\count422
)
LaTeX Info: Redefining \ref on input line 130.
LaTeX Info: Redefining \pageref on input line 130.
LaTeX Info: Redefining \nameref on input line 130.

(kolokium_ekstensi.out) (kolokium_ekstensi.out)
\@outlinefile=\write5
\openout5 = `kolokium_ekstensi.out'.


("C:\Program Files\MiKTeX 2.9\tex\context\base\supp-pdf.mkii"
[Loading MPS to PDF converter (version 2006.09.02).]
\scratchcounter=\count423
\scratchdimen=\dimen267
\scratchbox=\box81
\nofMPsegments=\count424
\nofMParguments=\count425
\everyMPshowfont=\toks30
\MPscratchCnt=\count426
\MPscratchDim=\dimen268
\MPnumerator=\count427
\makeMPintoPDFobject=\count428
\everyMPtoPDFconversion=\toks31
) ("C:\Program Files\MiKTeX 2.9\tex\latex\oberdiek\epstopdf-base.sty"
Package: epstopdf-base 2016/05/15 v2.6 Base part for package epstopdf

("C:\Program Files\MiKTeX 2.9\tex\latex\oberdiek\grfext.sty"
Package: grfext 2016/05/16 v1.2 Manage graphics extensions (HO)
)
Package epstopdf-base Info: Redefining graphics rule for `.eps' on input line 4
38.
Package grfext Info: Graphics extension search list:
(grfext)             [.png,.pdf,.jpg,.mps,.jpeg,.jbig2,.jb2,.PNG,.PDF,.JPG,.JPE
G,.JBIG2,.JB2,.eps]
(grfext)             \AppendGraphicsExtensions on input line 456.
)
*geometry* driver: auto-detecting
*geometry* detected driver: pdftex
*geometry* verbose mode - [ preamble ] result:
* driver: pdftex
* paper: letterpaper
* layout: <same size as paper>
* layoutoffset:(h,v)=(0.0pt,0.0pt)
* modes: 
* h-part:(L,W,R)=(56.9055pt, 500.484pt, 56.9055pt)
* v-part:(T,H,B)=(64.01869pt, 666.9326pt, 64.01869pt)
* \paperwidth=614.295pt
* \paperheight=794.96999pt
* \textwidth=500.484pt
* \textheight=666.9326pt
* \oddsidemargin=-15.36449pt
* \evensidemargin=-15.36449pt
* \topmargin=-44.2513pt
* \headheight=11.0pt
* \headsep=25.0pt
* \topskip=11.0pt
* \footskip=30.0pt
* \marginparwidth=59.0pt
* \marginparsep=10.0pt
* \columnsep=15.6491pt
* \skip\footins=10.0pt plus 4.0pt minus 2.0pt
* \hoffset=0.0pt
* \voffset=0.0pt
* \mag=1000
* \@twocolumnfalse
* \@twosidefalse
* \@mparswitchfalse
* \@reversemarginfalse
* (1in=72.27pt=25.4mm, 1cm=28.453pt)

Package caption Info: Begin \AtBeginDocument code.
Package caption Info: End \AtBeginDocument code.
Package lastpage Info: Please have a look at the pageslts package at
(lastpage)             https://www.ctan.org/pkg/pageslts
(lastpage)             ! on input line 130.
LaTeX Info: Redefining \microtypecontext on input line 130.
Package microtype Info: Generating PDF output.
Package microtype Info: Character protrusion enabled (level 2).
Package microtype Info: Using default protrusion set `alltext'.
Package microtype Info: Automatic font expansion enabled (level 2),
(microtype)             stretch: 20, shrink: 20, step: 1, non-selected.
Package microtype Info: Using default expansion set `basictext'.
Package microtype Info: No adjustment of tracking.
Package microtype Info: No adjustment of interword spacing.
Package microtype Info: No adjustment of character kerning.
("C:\Program Files\MiKTeX 2.9\tex\latex\microtype\mt-ptm.cfg"
File: mt-ptm.cfg 2006/04/20 v1.7 microtype config. file: Times (RS)
)
Package biblatex Info: Input encoding 'utf8' detected.
Package biblatex Info: Automatic encoding selection.
(biblatex)             Assuming data encoding 'utf8'.
\openout4 = `kolokium_ekstensi.bcf'.

Package biblatex Info: Trying to load bibliographic data...
Package biblatex Info: ... file 'kolokium_ekstensi.bbl' found.

(kolokium_ekstensi.bbl)
Package biblatex Info: Reference section=0 on input line 130.
Package biblatex Info: Reference segment=0 on input line 130.
LaTeX Font Info:    Try loading font information for OT1+phv on input line 135.

 ("C:\Program Files\MiKTeX 2.9\tex\latex\psnfss\ot1phv.fd"
File: ot1phv.fd 2001/06/04 scalable font definitions for OT1/phv.
)
Package microtype Info: Loading generic protrusion settings for font family
(microtype)             `phv' (encoding: OT1).
(microtype)             For optimal results, create family-specific settings.
(microtype)             See the microtype manual for details.
LaTeX Font Info:    Font shape `OT1/phv/bx/n' in size <10> not available
(Font)              Font shape `OT1/phv/b/n' tried instead on input line 135.
LaTeX Font Info:    Font shape `OT1/phv/bx/n' in size <10.95> not available
(Font)              Font shape `OT1/phv/b/n' tried instead on input line 135.
LaTeX Font Info:    Font shape `OT1/phv/bx/n' in size <20> not available
(Font)              Font shape `OT1/phv/b/n' tried instead on input line 135.
LaTeX Font Info:    Font shape `OT1/phv/bx/it' in size <20> not available
(Font)              Font shape `OT1/phv/b/it' tried instead on input line 135.
LaTeX Font Info:    Font shape `OT1/phv/b/it' in size <20> not available
(Font)              Font shape `OT1/phv/b/sl' tried instead on input line 135.
LaTeX Font Info:    Font shape `OT1/phv/bx/it' in size <10.95> not available
(Font)              Font shape `OT1/phv/b/it' tried instead on input line 135.
LaTeX Font Info:    Font shape `OT1/phv/b/it' in size <10.95> not available
(Font)              Font shape `OT1/phv/b/sl' tried instead on input line 135.
LaTeX Font Info:    Font shape `OT1/phv/m/it' in size <8> not available
(Font)              Font shape `OT1/phv/m/sl' tried instead on input line 135.

Underfull \hbox (badness 10000) in paragraph at lines 135--135

 []

LaTeX Font Info:    Try loading font information for OT1+ztmcm on input line 13
5.
("C:\Program Files\MiKTeX 2.9\tex\latex\psnfss\ot1ztmcm.fd"
File: ot1ztmcm.fd 2000/01/03 Fontinst v1.801 font definitions for OT1/ztmcm.
)
Package microtype Info: Loading generic protrusion settings for font family
(microtype)             `ztmcm' (encoding: OT1).
(microtype)             For optimal results, create family-specific settings.
(microtype)             See the microtype manual for details.
LaTeX Font Info:    Try loading font information for OML+ztmcm on input line 13
5.

("C:\Program Files\MiKTeX 2.9\tex\latex\psnfss\omlztmcm.fd"
File: omlztmcm.fd 2000/01/03 Fontinst v1.801 font definitions for OML/ztmcm.
)
LaTeX Font Info:    Try loading font information for OMS+ztmcm on input line 13
5.

("C:\Program Files\MiKTeX 2.9\tex\latex\psnfss\omsztmcm.fd"
File: omsztmcm.fd 2000/01/03 Fontinst v1.801 font definitions for OMS/ztmcm.
)
LaTeX Font Info:    Try loading font information for OMX+ztmcm on input line 13
5.

("C:\Program Files\MiKTeX 2.9\tex\latex\psnfss\omxztmcm.fd"
File: omxztmcm.fd 2000/01/03 Fontinst v1.801 font definitions for OMX/ztmcm.
)
LaTeX Font Info:    Font shape `OT1/ptm/bx/n' in size <10.95> not available
(Font)              Font shape `OT1/ptm/b/n' tried instead on input line 135.
LaTeX Font Info:    Font shape `OT1/ptm/bx/n' in size <8> not available
(Font)              Font shape `OT1/ptm/b/n' tried instead on input line 135.
LaTeX Font Info:    Font shape `OT1/ptm/bx/n' in size <6> not available
(Font)              Font shape `OT1/ptm/b/n' tried instead on input line 135.

("C:\Program Files\MiKTeX 2.9\tex\latex\microtype\mt-msa.cfg"
File: mt-msa.cfg 2006/02/04 v1.1 microtype config. file: AMS symbols (a) (RS)
)
("C:\Program Files\MiKTeX 2.9\tex\latex\microtype\mt-msb.cfg"
File: mt-msb.cfg 2005/06/01 v1.0 microtype config. file: AMS symbols (b) (RS)
)
LaTeX Font Info:    Font shape `OT1/phv/bx/n' in size <8> not available
(Font)              Font shape `OT1/phv/b/n' tried instead on input line 135.
 (pendahuluan.tex
LaTeX Font Info:    Font shape `OT1/phv/bx/n' in size <12> not available
(Font)              Font shape `OT1/phv/b/n' tried instead on input line 5.
LaTeX Font Info:    Font shape `OT1/ptm/bx/n' in size <12> not available
(Font)              Font shape `OT1/ptm/b/n' tried instead on input line 5.
LaTeX Font Info:    Font shape `OT1/ptm/bx/n' in size <9> not available
(Font)              Font shape `OT1/ptm/b/n' tried instead on input line 5.
LaTeX Font Info:    Font shape `OT1/ptm/bx/n' in size <7> not available
(Font)              Font shape `OT1/ptm/b/n' tried instead on input line 5.

Overfull \hbox (3.99596pt too wide) in paragraph at lines 13--14
\OT1/ptm/m/n/10.95 (-20) men-jadi fak-tor pe-nentu ke-ber-hasi-lan pe-ter-nakan
. Efisiensi
 []


Underfull \vbox (badness 7203) has occurred while \output is active []


Underfull \vbox (badness 10000) has occurred while \output is active []

 [1{C:/ProgramData/MiKTeX/2.9/pdftex/config/pdftex.map}


]
Overfull \hbox (7.2068pt too wide) in paragraph at lines 17--18
\OT1/ptm/m/n/10.95 (-20) tong su-dah per-nah di-lakukan oleh Rah-man ([][][]201
7[][]). Peneliti
 []

) (metode.tex <gambar/kolokium_contoh_gb1.png, id=25, 356.0803pt x 307.1475pt>
File: gambar/kolokium_contoh_gb1.png Graphic file (type png)

<use gambar/kolokium_contoh_gb1.png>
Package pdftex.def Info: gambar/kolokium_contoh_gb1.png used on input line 10.
(pdftex.def)             Requested size: 200.0pt x 172.51227pt.
LaTeX Font Info:    Font shape `OT1/phv/bx/n' in size <9> not available
(Font)              Font shape `OT1/phv/b/n' tried instead on input line 11.
LaTeX Font Info:    Font shape `OT1/phv/bx/it' in size <10> not available
(Font)              Font shape `OT1/phv/b/it' tried instead on input line 19.
LaTeX Font Info:    Font shape `OT1/phv/b/it' in size <10> not available
(Font)              Font shape `OT1/phv/b/sl' tried instead on input line 19.


Package Fancyhdr Warning: \headheight is too small (11.0pt): 
 Make it at least 23.01001pt.
 We now make it that large for the rest of the document.
 This may cause the page layout to be inconsistent, however.

[2 <./gambar/kolokium_contoh_gb1.png>]
Overfull \hbox (8.95569pt too wide) in paragraph at lines 25--26
\OT1/ptm/m/n/10.95 (-20) seperti memak-si-mumkan ke-un-tun-gan atau mem-i-ni-mu
mkan
 []


Overfull \hbox (6.12663pt too wide) in paragraph at lines 25--26
\OT1/ptm/m/n/10.95 (-20) 2009). \OT1/ptm/m/it/10.95 (-20) Lin-ier pro-gram-ming
 \OT1/ptm/m/n/10.95 (-20) da-pat di-gu-nakan un-tuk menen-
 []


Underfull \hbox (badness 10000) in paragraph at lines 25--26

 []

! Missing $ inserted.
<inserted text> 
                $
l.28 Z = c_
           {1}x_{1}+c_{2}x_{2}+...+C_{n}x_{n}\\
I've inserted a begin-math/end-math symbol since I think
you left one out. Proceed, with fingers crossed.

! Missing $ inserted.
<inserted text> 
                $
l.29 
     
I've inserted a begin-math/end-math symbol since I think
you left one out. Proceed, with fingers crossed.


Underfull \hbox (badness 10000) in paragraph at lines 27--29

 []

! Missing $ inserted.
<inserted text> 
                $
l.31 a_
       {11}x_{11} + a_{21}x_{21} + ... + a_{n1}x_{n1} \leq  b1\\
I've inserted a begin-math/end-math symbol since I think
you left one out. Proceed, with fingers crossed.

! Missing $ inserted.
<inserted text> 
                $
l.37 
     
I've inserted a begin-math/end-math symbol since I think
you left one out. Proceed, with fingers crossed.


Underfull \hbox (badness 10000) in paragraph at lines 30--37

 []


! LaTeX Error: There's no line here to end.

See the LaTeX manual or LaTeX Companion for explanation.
Type  H <return>  for immediate help.
 ...                                              
                                                  
l.39 k
      eterangan:\\
Your command was ignored.
Type  I <command> <return>  to replace it with another command,
or  <return>  to continue without it.


Underfull \hbox (badness 10000) in paragraph at lines 39--47

 []


Package Fancyhdr Warning: \headheight is too small (11.0pt): 
 Make it at least 23.01001pt.
 We now make it that large for the rest of the document.
 This may cause the page layout to be inconsistent, however.

[3]
Underfull \hbox (badness 10000) in paragraph at lines 63--64

 []


! LaTeX Error: There's no line here to end.

See the LaTeX manual or LaTeX Companion for explanation.
Type  H <return>  for immediate help.
 ...                                              
                                                  
l.66 M
      AE = \dfrac{100\%}{n} (\dfrac{\sum(|Xt-Yt|)}{Xt})
Your command was ignored.
Type  I <command> <return>  to replace it with another command,
or  <return>  to continue without it.

! Missing $ inserted.
<inserted text> 
                $
l.66 MAE = \dfrac{100\%}{n}
                            (\dfrac{\sum(|Xt-Yt|)}{Xt})
I've inserted a begin-math/end-math symbol since I think
you left one out. Proceed, with fingers crossed.

! Extra }, or forgotten $.
\@genfrac ...egingroup #4\endgroup #2#3\relax #5}}
                                                  
l.66 MAE = \dfrac{100\%}{n}
                            (\dfrac{\sum(|Xt-Yt|)}{Xt})
I've deleted a group-closing symbol because it seems to be
spurious, as in `$x}$'. But perhaps the } is legitimate and
you forgot something else, as in `\hbox{$x}'. In such cases
the way to recover is to insert both the forgotten and the
deleted material, e.g., by typing `I$}'.

! Missing $ inserted.
<inserted text> 
                $
l.68 
     
I've inserted a begin-math/end-math symbol since I think
you left one out. Proceed, with fingers crossed.


Underfull \hbox (badness 10000) in paragraph at lines 66--68

 []


! LaTeX Error: There's no line here to end.

See the LaTeX manual or LaTeX Companion for explanation.
Type  H <return>  for immediate help.
 ...                                              
                                                  
l.70 k
      eterangan:\\
Your command was ignored.
Type  I <command> <return>  to replace it with another command,
or  <return>  to continue without it.


Underfull \hbox (badness 10000) in paragraph at lines 70--74

 []

) (hasil_dan_pembahasan.tex
Overfull \hbox (6.71913pt too wide) in paragraph at lines 9--10
\OT1/ptm/m/n/10.95 (-20) abel pada hasil yang di-da-p-atkan. Pada tahap ini mel
akukan
 []


Underfull \hbox (badness 10000) in paragraph at lines 23--23
[]|\OT1/ptm/m/n/10.95 (+20) BK
 []


Overfull \hbox (0.71255pt too wide) in paragraph at lines 23--23
[]|\OT1/ptm/m/n/10.95 (-20) TDN
 []


Underfull \hbox (badness 10000) in paragraph at lines 23--23
[]|\OT1/ptm/m/n/10.95 (+20) Ca
 []


Underfull \hbox (badness 10000) in paragraph at lines 23--23
[]|\OT1/ptm/m/n/10.95 (+20) P
 []


Underfull \hbox (badness 10000) in paragraph at lines 23--23
[]|\OT1/ptm/m/n/10.95 (+20) Harga
 []


Underfull \hbox (badness 4353) in paragraph at lines 26--26
[]|\OT1/ptm/m/n/10.95 (+20) Dedak padi
 []


Underfull \hbox (badness 4479) in paragraph at lines 27--27
[]|\OT1/ptm/m/n/10.95 (+20) Bungkil ke-
 []


LaTeX Warning: `!h' float specifier changed to `!ht'.


Underfull \hbox (badness 10000) in paragraph at lines 38--38
[]|\OT1/ptm/m/n/10.95 (+20) Kebutuhan
 []


Underfull \hbox (badness 10000) in paragraph at lines 38--38
[]|\OT1/ptm/m/n/10.95 (+20) BK
 []


Overfull \hbox (0.71255pt too wide) in paragraph at lines 38--38
[]|\OT1/ptm/m/n/10.95 (-20) TDN
 []


Underfull \hbox (badness 10000) in paragraph at lines 38--38
[]|\OT1/ptm/m/n/10.95 (+20) Ca
 []


Underfull \hbox (badness 10000) in paragraph at lines 38--38
[]|\OT1/ptm/m/n/10.95 (+20) P
 []


LaTeX Warning: `!h' float specifier changed to `!ht'.


Overfull \hbox (0.3939pt too wide) in paragraph at lines 44--45
\OT1/ptm/m/n/10.95 (-20) meng-gu-nakan metode lin-ear pro-gram-ming de-ngan mod
el
 []


Package Fancyhdr Warning: \headheight is too small (11.0pt): 
 Make it at least 23.01001pt.
 We now make it that large for the rest of the document.
 This may cause the page layout to be inconsistent, however.

[4] <gambar/Perhitungan.PNG, id=68, 528.47438pt x 294.34969pt>
File: gambar/Perhitungan.PNG Graphic file (type png)

<use gambar/Perhitungan.PNG>
Package pdftex.def Info: gambar/Perhitungan.PNG used on input line 47.
(pdftex.def)             Requested size: 290.0pt x 161.52452pt.

Overfull \hbox (47.58255pt too wide) in paragraph at lines 47--48
[][] 
 []

! Missing $ inserted.
<inserted text> 
                $
l.70 Cn = \dfrac{100}{nilaiBK_{n}}
                                   X hargaBS_{n}\\
I've inserted a begin-math/end-math symbol since I think
you left one out. Proceed, with fingers crossed.

! Extra }, or forgotten $.
\@genfrac ...egingroup #4\endgroup #2#3\relax #5}}
                                                  
l.70 Cn = \dfrac{100}{nilaiBK_{n}}
                                   X hargaBS_{n}\\
I've deleted a group-closing symbol because it seems to be
spurious, as in `$x}$'. But perhaps the } is legitimate and
you forgot something else, as in `\hbox{$x}'. In such cases
the way to recover is to insert both the forgotten and the
deleted material, e.g., by typing `I$}'.

! Missing $ inserted.
<inserted text> 
                $
l.71 
     
I've inserted a begin-math/end-math symbol since I think
you left one out. Proceed, with fingers crossed.


Underfull \hbox (badness 10000) in paragraph at lines 68--71

 []


Package Fancyhdr Warning: \headheight is too small (11.0pt): 
 Make it at least 23.01001pt.
 We now make it that large for the rest of the document.
 This may cause the page layout to be inconsistent, however.

[5 <./gambar/Perhitungan.PNG>]
Underfull \hbox (badness 10000) in paragraph at lines 72--73

 []

! Missing $ inserted.
<inserted text> 
                $
l.74 Z=2756.89x_
                1+3456.22x_2+2052.45x_3+2214.83x_4+505.05x_5
I've inserted a begin-math/end-math symbol since I think
you left one out. Proceed, with fingers crossed.

! Missing $ inserted.
<inserted text> 
                $
l.75 
     
I've inserted a begin-math/end-math symbol since I think
you left one out. Proceed, with fingers crossed.


Overfull \hbox (5.96178pt too wide) in paragraph at lines 74--75
[]\OT1/ptm/m/n/10.95 (-20) Z=2756.89x$[] \OT1/ztmcm/m/n/10.95 + 3456\OML/ztmcm/
m/it/10.95 :\OT1/ztmcm/m/n/10.95 22\OML/ztmcm/m/it/10.95 x[] \OT1/ztmcm/m/n/10.
95 + 2052\OML/ztmcm/m/it/10.95 :\OT1/ztmcm/m/n/10.95 45\OML/ztmcm/m/it/10.95 x[
] \OT1/ztmcm/m/n/10.95 + 2214\OML/ztmcm/m/it/10.95 :\OT1/ztmcm/m/n/10.95 83\OML
/ztmcm/m/it/10.95 x[] \OT1/ztmcm/m/n/10.95 +
 []


! LaTeX Error: There's no line here to end.

See the LaTeX manual or LaTeX Companion for explanation.
Type  H <return>  for immediate help.
 ...                                              
                                                  
l.77 S
      ehingga hasil dari linier programming diatas menggunakan aplikasi POM ...

Your command was ignored.
Type  I <command> <return>  to replace it with another command,
or  <return>  to continue without it.

) (kesimpulan.tex
Overfull \hbox (2.24016pt too wide) in paragraph at lines 6--7
\OT1/ptm/m/n/10.95 (-20) Penelitian yang di-lakukan telah berhasil mengem-bangk
an
 []

)
LaTeX Font Info:    Try loading font information for OT1+pcr on input line 168.

 ("C:\Program Files\MiKTeX 2.9\tex\latex\psnfss\ot1pcr.fd"
File: ot1pcr.fd 2001/06/04 font definitions for OT1/pcr.
)
Package microtype Info: Loading generic protrusion settings for font family
(microtype)             `pcr' (encoding: OT1).
(microtype)             For optimal results, create family-specific settings.
(microtype)             See the microtype manual for details.

Overfull \hbox (0.46823pt too wide) in paragraph at lines 169--169
\OT1/ptm/m/n/10.95 (-20) sis Web un-tuk Menen-tukan For-mu-lasi Ran-sum Pakan
 []


Package Fancyhdr Warning: \headheight is too small (11.0pt): 
 Make it at least 23.01001pt.
 We now make it that large for the rest of the document.
 This may cause the page layout to be inconsistent, however.

[6] (lampiran.tex
<gambar/use_case_iterasi1.png, id=87, 573.64313pt x 271.76532pt>
File: gambar/use_case_iterasi1.png Graphic file (type png)

<use gambar/use_case_iterasi1.png>
Package pdftex.def Info: gambar/use_case_iterasi1.png used on input line 3.
(pdftex.def)             Requested size: 250.0pt x 118.43674pt.

Overfull \hbox (7.58255pt too wide) in paragraph at lines 3--4
 [][] 
 []

<gambar/erd1.png, id=88, 591.71063pt x 503.63156pt>
File: gambar/erd1.png Graphic file (type png)
 <use gambar/erd1.png>
Package pdftex.def Info: gambar/erd1.png used on input line 10.
(pdftex.def)             Requested size: 250.0pt x 212.78412pt.

Overfull \hbox (7.58255pt too wide) in paragraph at lines 10--11
 [][] 
 []


LaTeX Warning: `!h' float specifier changed to `!ht'.

<gambar/pom_qm1.png, id=89, 686.565pt x 334.24875pt>
File: gambar/pom_qm1.png Graphic file (type png)
 <use gambar/pom_qm1.png>
Package pdftex.def Info: gambar/pom_qm1.png used on input line 17.
(pdftex.def)             Requested size: 250.0pt x 121.70651pt.

Overfull \hbox (7.58255pt too wide) in paragraph at lines 17--18
 [][] 
 []


LaTeX Warning: `!h' float specifier changed to `!ht'.

<gambar/prototype1.png, id=90, 1015.54407pt x 885.3075pt>
File: gambar/prototype1.png Graphic file (type png)

<use gambar/prototype1.png>
Package pdftex.def Info: gambar/prototype1.png used on input line 24.
(pdftex.def)             Requested size: 250.0pt x 217.93564pt.

Overfull \hbox (7.58255pt too wide) in paragraph at lines 24--25
 [][] 
 []


LaTeX Warning: `!h' float specifier changed to `!ht'.

<gambar/prototype1_2.png, id=91, 1015.54407pt x 1056.94875pt>
File: gambar/prototype1_2.png Graphic file (type png)

<use gambar/prototype1_2.png>
Package pdftex.def Info: gambar/prototype1_2.png used on input line 31.
(pdftex.def)             Requested size: 250.0pt x 260.18848pt.

Overfull \hbox (7.58255pt too wide) in paragraph at lines 31--32
 [][] 
 []


LaTeX Warning: `!h' float specifier changed to `!ht'.

<gambar/usecase2.png, id=92, 641.39626pt x 310.15875pt>
File: gambar/usecase2.png Graphic file (type png)

<use gambar/usecase2.png>
Package pdftex.def Info: gambar/usecase2.png used on input line 38.
(pdftex.def)             Requested size: 250.0pt x 120.89043pt.

Overfull \hbox (7.58255pt too wide) in paragraph at lines 38--39
 [][] 
 []


LaTeX Warning: `!h' float specifier changed to `!ht'.

<gambar/erd2.png, id=93, 584.93532pt x 633.11531pt>
File: gambar/erd2.png Graphic file (type png)
 <use gambar/erd2.png>
Package pdftex.def Info: gambar/erd2.png used on input line 45.
(pdftex.def)             Requested size: 250.0pt x 270.59198pt.

Overfull \hbox (7.58255pt too wide) in paragraph at lines 45--46
 [][] 
 []


LaTeX Warning: `!h' float specifier changed to `!ht'.

<gambar/pom_qm2.png, id=94, 686.565pt x 335.75438pt>
File: gambar/pom_qm2.png Graphic file (type png)
 <use gambar/pom_qm2.png>
Package pdftex.def Info: gambar/pom_qm2.png used on input line 52.
(pdftex.def)             Requested size: 250.0pt x 122.25475pt.

Overfull \hbox (7.58255pt too wide) in paragraph at lines 52--53
 [][] 
 []


LaTeX Warning: `!h' float specifier changed to `!ht'.

<gambar/prototype2.png, id=95, 1015.54407pt x 1056.94875pt>
File: gambar/prototype2.png Graphic file (type png)

<use gambar/prototype2.png>
Package pdftex.def Info: gambar/prototype2.png used on input line 59.
(pdftex.def)             Requested size: 250.0pt x 260.18848pt.

Overfull \hbox (7.58255pt too wide) in paragraph at lines 59--60
 [][] 
 []


LaTeX Warning: `!h' float specifier changed to `!ht'.

<gambar/feedback1.png, id=96, 1015.54407pt x 1125.45468pt>
File: gambar/feedback1.png Graphic file (type png)

<use gambar/feedback1.png>
Package pdftex.def Info: gambar/feedback1.png used on input line 66.
(pdftex.def)             Requested size: 250.0pt x 277.05255pt.

Overfull \hbox (7.58255pt too wide) in paragraph at lines 66--67
 [][] 
 []


LaTeX Warning: `!h' float specifier changed to `!ht'.

<gambar/feedback_winfeed1.png, id=97, 740.0147pt x 530.73282pt>
File: gambar/feedback_winfeed1.png Graphic file (type png)

<use gambar/feedback_winfeed1.png>
Package pdftex.def Info: gambar/feedback_winfeed1.png used on input line 73.
(pdftex.def)             Requested size: 250.0pt x 179.2968pt.

Overfull \hbox (7.58255pt too wide) in paragraph at lines 73--74
 [][] 
 []


LaTeX Warning: `!h' float specifier changed to `!ht'.


Underfull \hbox (badness 2142) in paragraph at lines 86--87
[]|\OT1/ptm/m/n/10.95 (+20) Admin da-pat men-gelola data
 []


Underfull \hbox (badness 10000) in paragraph at lines 88--88
[]|\OT1/ptm/m/n/10.95 (+20) Melihat in-for-
 []


Underfull \hbox (badness 10000) in paragraph at lines 88--88
\OT1/ptm/m/n/10.95 (+20) masi ter-nak
 []


Underfull \hbox (badness 5022) in paragraph at lines 88--88
\OT1/ptm/m/n/10.95 (+20) dan ke-bu-tuhan
 []


Underfull \hbox (badness 10000) in paragraph at lines 89--89
[]|\OT1/ptm/m/n/10.95 (+20) Melihat in-for-
 []


Underfull \hbox (badness 10000) in paragraph at lines 89--89
\OT1/ptm/m/n/10.95 (+20) masi pakan
 []


LaTeX Warning: `!h' float specifier changed to `!ht'.


Underfull \hbox (badness 10000) in paragraph at lines 99--99
[]|\OT1/ptm/m/n/10.95 (+20) Harga
 []


Underfull \hbox (badness 10000) in paragraph at lines 99--99
[]|\OT1/ptm/m/n/10.95 (+20) Min
 []


Underfull \hbox (badness 10000) in paragraph at lines 99--99
[]|\OT1/ptm/m/n/10.95 (+20) Max
 []


LaTeX Warning: `!h' float specifier changed to `!ht'.


LaTeX Warning: `!h' float specifier changed to `!ht'.


Overfull \hbox (2.80516pt too wide) in paragraph at lines 140--140
[]|\OT1/ptm/m/n/10.95 (-20) 32.01| 
 []


Overfull \hbox (2.80516pt too wide) in paragraph at lines 140--141
[]|\OT1/ptm/m/n/10.95 (-20) 32.01| 
 []


Overfull \hbox (2.80516pt too wide) in paragraph at lines 143--143
[]|\OT1/ptm/m/n/10.95 (-20) 11.19| 
 []


Overfull \hbox (2.80516pt too wide) in paragraph at lines 143--144
[]|\OT1/ptm/m/n/10.95 (-20) 11.19| 
 []


LaTeX Warning: `!h' float specifier changed to `!ht'.


Overfull \hbox (2.80516pt too wide) in paragraph at lines 162--162
[]|\OT1/ptm/m/n/10.95 (-20) 62.61| 
 []


Overfull \hbox (2.80516pt too wide) in paragraph at lines 162--163
[]|\OT1/ptm/m/n/10.95 (-20) 62.61| 
 []


Overfull \hbox (2.80516pt too wide) in paragraph at lines 163--163
[]|\OT1/ptm/m/n/10.95 (-20) 72.45| 
 []


Overfull \hbox (2.80516pt too wide) in paragraph at lines 163--164
[]|\OT1/ptm/m/n/10.95 (-20) 72.45| 
 []


LaTeX Warning: `!h' float specifier changed to `!ht'.


Underfull \hbox (badness 10000) in paragraph at lines 176--176
[]|\OT1/ptm/m/n/10.95 (+20) Menyimpan
 []


Underfull \hbox (badness 10000) in paragraph at lines 176--177
[]|\OT1/ptm/m/n/10.95 (+20) Pengguna da-pat meny-im-pan
 []


Underfull \hbox (badness 10000) in paragraph at lines 177--177
[]|\OT1/ptm/m/n/10.95 (+20) Perhitungan
 []


Underfull \hbox (badness 10000) in paragraph at lines 177--177
\OT1/ptm/m/n/10.95 (+20) hasil de-ngan
 []


LaTeX Warning: `!h' float specifier changed to `!ht'.


Underfull \hbox (badness 10000) in paragraph at lines 189--189
[]|\OT1/ptm/m/n/10.95 (+20) Harga
 []


Overfull \hbox (4.56975pt too wide) in paragraph at lines 189--189
\OT1/ptm/m/n/10.95 (-20) (Rp/kg)| 
 []


Overfull \hbox (3.66199pt too wide) in paragraph at lines 189--189
[]|\OT1/ptm/m/n/10.95 (-20) Min
 []


Overfull \hbox (1.49794pt too wide) in paragraph at lines 189--189
\OT1/ptm/m/n/10.95 (-20) (%)| 
 []


Overfull \hbox (5.16963pt too wide) in paragraph at lines 189--189
[]|\OT1/ptm/m/n/10.95 (-20) Max
 []


Overfull \hbox (1.49794pt too wide) in paragraph at lines 189--189
\OT1/ptm/m/n/10.95 (-20) (%)| 
 []


Overfull \hbox (3.66199pt too wide) in paragraph at lines 189--189
[]|\OT1/ptm/m/n/10.95 (-20) Min
 []


Overfull \hbox (1.49794pt too wide) in paragraph at lines 189--189
\OT1/ptm/m/n/10.95 (-20) (%)| 
 []


Overfull \hbox (5.16963pt too wide) in paragraph at lines 189--189
[]|\OT1/ptm/m/n/10.95 (-20) Max
 []


Overfull \hbox (1.49794pt too wide) in paragraph at lines 189--189
\OT1/ptm/m/n/10.95 (-20) (%)| 
 []


Overfull \hbox (1.87012pt too wide) in paragraph at lines 190--190
[]|\OT1/ptm/m/n/10.95 (-20) 100| 
 []


Overfull \hbox (1.87012pt too wide) in paragraph at lines 190--191
[]|\OT1/ptm/m/n/10.95 (-20) 100| 
 []


Underfull \hbox (badness 10000) in paragraph at lines 191--191
[]|\OT1/ptm/m/n/10.95 (+20) Dedak padi
 []


Overfull \hbox (1.87012pt too wide) in paragraph at lines 192--193
[]|\OT1/ptm/m/n/10.95 (-20) 100| 
 []


Underfull \hbox (badness 10000) in paragraph at lines 195--195
[]|\OT1/ptm/m/n/10.95 (+20) Dicalcium
 []


Overfull \hbox (1.87012pt too wide) in paragraph at lines 195--195
[]|\OT1/ptm/m/n/10.95 (-20) 100| 
 []


Overfull \hbox (1.87012pt too wide) in paragraph at lines 195--196
[]|\OT1/ptm/m/n/10.95 (-20) 100| 
 []


Overfull \hbox (1.87012pt too wide) in paragraph at lines 196--196
[]|\OT1/ptm/m/n/10.95 (-20) 100| 
 []


Overfull \hbox (1.87012pt too wide) in paragraph at lines 196--196
[]|\OT1/ptm/m/n/10.95 (-20) 100| 
 []


Overfull \hbox (9.19116pt too wide) in paragraph at lines 186--198
 [][] 
 []


LaTeX Warning: `!h' float specifier changed to `!ht'.


Overfull \hbox (3.66199pt too wide) in paragraph at lines 207--207
[]|\OT1/ptm/m/n/10.95 (-20) Min| 
 []


Overfull \hbox (5.44337pt too wide) in paragraph at lines 207--207
[]|\OT1/ptm/m/n/10.95 (-20) Max| 
 []


Overfull \hbox (3.66199pt too wide) in paragraph at lines 207--207
[]|\OT1/ptm/m/n/10.95 (-20) Min| 
 []


Overfull \hbox (5.44337pt too wide) in paragraph at lines 207--207
[]|\OT1/ptm/m/n/10.95 (-20) Max| 
 []


Overfull \hbox (1.87012pt too wide) in paragraph at lines 208--208
[]|\OT1/ptm/m/n/10.95 (-20) 100| 
 []


Overfull \hbox (1.87012pt too wide) in paragraph at lines 208--209
[]|\OT1/ptm/m/n/10.95 (-20) 100| 
 []


Overfull \hbox (1.87012pt too wide) in paragraph at lines 209--209
[]|\OT1/ptm/m/n/10.95 (-20) 100| 
 []


Overfull \hbox (1.87012pt too wide) in paragraph at lines 209--210
[]|\OT1/ptm/m/n/10.95 (-20) 100| 
 []


Overfull \hbox (1.87012pt too wide) in paragraph at lines 210--210
[]|\OT1/ptm/m/n/10.95 (-20) 100| 
 []


Overfull \hbox (1.87012pt too wide) in paragraph at lines 210--211
[]|\OT1/ptm/m/n/10.95 (-20) 100| 
 []


Overfull \hbox (1.87012pt too wide) in paragraph at lines 211--211
[]|\OT1/ptm/m/n/10.95 (-20) 100| 
 []


Overfull \hbox (1.87012pt too wide) in paragraph at lines 211--212
[]|\OT1/ptm/m/n/10.95 (-20) 100| 
 []


Overfull \hbox (1.87012pt too wide) in paragraph at lines 212--212
[]|\OT1/ptm/m/n/10.95 (-20) 100| 
 []


Overfull \hbox (1.87012pt too wide) in paragraph at lines 212--213
[]|\OT1/ptm/m/n/10.95 (-20) 100| 
 []


Overfull \hbox (1.87012pt too wide) in paragraph at lines 213--213
[]|\OT1/ptm/m/n/10.95 (-20) 100| 
 []


Overfull \hbox (1.87012pt too wide) in paragraph at lines 213--214
[]|\OT1/ptm/m/n/10.95 (-20) 100| 
 []


Overfull \hbox (1.87012pt too wide) in paragraph at lines 214--214
[]|\OT1/ptm/m/n/10.95 (-20) 100| 
 []


Overfull \hbox (1.87012pt too wide) in paragraph at lines 214--215
[]|\OT1/ptm/m/n/10.95 (-20) 100| 
 []


Overfull \hbox (1.87012pt too wide) in paragraph at lines 215--216
[]|\OT1/ptm/m/n/10.95 (-20) 100| 
 []


Overfull \hbox (1.87012pt too wide) in paragraph at lines 216--216
[]|\OT1/ptm/m/n/10.95 (-20) 100| 
 []


LaTeX Warning: `!h' float specifier changed to `!ht'.


Overfull \hbox (1.86998pt too wide) in paragraph at lines 227--227
[]|\OT1/ptm/m/n/10.95 (-20) WF| 
 []


Overfull \hbox (1.86998pt too wide) in paragraph at lines 227--227
[]|\OT1/ptm/m/n/10.95 (-20) WF| 
 []


Overfull \hbox (9.91835pt too wide) in paragraph at lines 228--228
[]|\OT1/ptm/m/n/10.95 (-20) 33.17| 
 []


Overfull \hbox (9.91835pt too wide) in paragraph at lines 228--228
[]|\OT1/ptm/m/n/10.95 (-20) 14.63| 
 []


Overfull \hbox (9.91835pt too wide) in paragraph at lines 229--229
[]|\OT1/ptm/m/n/10.95 (-20) 20.85| 
 []


Overfull \hbox (9.91835pt too wide) in paragraph at lines 229--229
[]|\OT1/ptm/m/n/10.95 (-20) 15.95| 
 []


Overfull \hbox (4.55286pt too wide) in paragraph at lines 230--230
[]|\OT1/ptm/m/n/10.95 (-20) 2.14| 
 []


Overfull \hbox (4.55286pt too wide) in paragraph at lines 232--232
[]|\OT1/ptm/m/n/10.95 (-20) 0.98| 
 []


Overfull \hbox (4.55286pt too wide) in paragraph at lines 233--233
[]|\OT1/ptm/m/n/10.95 (-20) 1.86| 
 []


Overfull \hbox (9.91835pt too wide) in paragraph at lines 234--234
[]|\OT1/ptm/m/n/10.95 (-20) 26.43| 
 []


Overfull \hbox (7.23561pt too wide) in paragraph at lines 235--235
[]|\OT1/ptm/m/n/10.95 (-20) 2497| 
 []


Overfull \hbox (7.23561pt too wide) in paragraph at lines 235--235
[]|\OT1/ptm/m/n/10.95 (-20) 2497| 
 []


Overfull \hbox (7.23561pt too wide) in paragraph at lines 235--235
[]|\OT1/ptm/m/n/10.95 (-20) 2741| 
 []


Overfull \hbox (7.23561pt too wide) in paragraph at lines 235--235
[]|\OT1/ptm/m/n/10.95 (-20) 2786| 
 []


LaTeX Warning: `!h' float specifier changed to `!ht'.


Overfull \hbox (1.86998pt too wide) in paragraph at lines 245--245
[]|\OT1/ptm/m/n/10.95 (-20) WF| 
 []


Overfull \hbox (1.86998pt too wide) in paragraph at lines 245--245
[]|\OT1/ptm/m/n/10.95 (-20) WF| 
 []


Overfull \hbox (9.91835pt too wide) in paragraph at lines 246--246
[]|\OT1/ptm/m/n/10.95 (-20) 87.64| 
 []


Overfull \hbox (9.91835pt too wide) in paragraph at lines 246--246
[]|\OT1/ptm/m/n/10.95 (-20) 88.03| 
 []


Overfull \hbox (9.91835pt too wide) in paragraph at lines 246--246
[]|\OT1/ptm/m/n/10.95 (-20) 88.61| 
 []


Overfull \hbox (9.91835pt too wide) in paragraph at lines 246--247
[]|\OT1/ptm/m/n/10.95 (-20) 88.53| 
 []


Overfull \hbox (4.55286pt too wide) in paragraph at lines 247--247
[]|\OT1/ptm/m/n/10.95 (-20) 5.26| 
 []


Overfull \hbox (4.55286pt too wide) in paragraph at lines 247--247
[]|\OT1/ptm/m/n/10.95 (-20) 6.11| 
 []


Overfull \hbox (4.55286pt too wide) in paragraph at lines 247--247
[]|\OT1/ptm/m/n/10.95 (-20) 7.81| 
 []


Overfull \hbox (4.55286pt too wide) in paragraph at lines 247--248
[]|\OT1/ptm/m/n/10.95 (-20) 8.89| 
 []


Overfull \hbox (9.91835pt too wide) in paragraph at lines 248--248
[]|\OT1/ptm/m/n/10.95 (-20) 11.95| 
 []


Overfull \hbox (9.91835pt too wide) in paragraph at lines 248--248
[]|\OT1/ptm/m/n/10.95 (-20) 14.35| 
 []


Overfull \hbox (9.91835pt too wide) in paragraph at lines 248--248
[]|\OT1/ptm/m/n/10.95 (-20) 15.31| 
 []


Overfull \hbox (9.91835pt too wide) in paragraph at lines 248--249
[]|\OT1/ptm/m/n/10.95 (-20) 17.26| 
 []


Overfull \hbox (4.55286pt too wide) in paragraph at lines 249--249
[]|\OT1/ptm/m/n/10.95 (-20) 7.15| 
 []


Overfull \hbox (4.55286pt too wide) in paragraph at lines 249--249
[]|\OT1/ptm/m/n/10.95 (-20) 8.49| 
 []


Overfull \hbox (4.55286pt too wide) in paragraph at lines 249--249
[]|\OT1/ptm/m/n/10.95 (-20) 9.27| 
 []


Overfull \hbox (9.91835pt too wide) in paragraph at lines 249--250
[]|\OT1/ptm/m/n/10.95 (-20) 10.44| 
 []


Overfull \hbox (9.91835pt too wide) in paragraph at lines 250--250
[]|\OT1/ptm/m/n/10.95 (-20) 14.38| 
 []


Overfull \hbox (9.91835pt too wide) in paragraph at lines 250--250
[]|\OT1/ptm/m/n/10.95 (-20) 16.38| 
 []


Overfull \hbox (9.91835pt too wide) in paragraph at lines 250--250
[]|\OT1/ptm/m/n/10.95 (-20) 14.60| 
 []


Overfull \hbox (9.91835pt too wide) in paragraph at lines 250--251
[]|\OT1/ptm/m/n/10.95 (-20) 18.51| 
 []


Overfull \hbox (9.91835pt too wide) in paragraph at lines 251--251
[]|\OT1/ptm/m/n/10.95 (-20) 60.61| 
 []


Overfull \hbox (9.91835pt too wide) in paragraph at lines 251--251
[]|\OT1/ptm/m/n/10.95 (-20) 53.88| 
 []


Overfull \hbox (4.55286pt too wide) in paragraph at lines 251--251
[]|\OT1/ptm/m/n/10.95 (-20) 49.7| 
 []


Overfull \hbox (4.55286pt too wide) in paragraph at lines 251--252
[]|\OT1/ptm/m/n/10.95 (-20) 56.7| 
 []


Overfull \hbox (9.91835pt too wide) in paragraph at lines 252--252
[]|\OT1/ptm/m/n/10.95 (-20) 74.85| 
 []


Overfull \hbox (9.91835pt too wide) in paragraph at lines 252--252
[]|\OT1/ptm/m/n/10.95 (-20) 74.98| 
 []


Overfull \hbox (4.55286pt too wide) in paragraph at lines 252--252
[]|\OT1/ptm/m/n/10.95 (-20) 73.3| 
 []


Overfull \hbox (9.91835pt too wide) in paragraph at lines 252--253
[]|\OT1/ptm/m/n/10.95 (-20) 83.16| 
 []


Overfull \hbox (4.55286pt too wide) in paragraph at lines 254--254
[]|\OT1/ptm/m/n/10.95 (-20) 1.17| 
 []


Overfull \hbox (4.55286pt too wide) in paragraph at lines 254--254
[]|\OT1/ptm/m/n/10.95 (-20) 1.26| 
 []


LaTeX Warning: `!h' float specifier changed to `!ht'.

) 
AED: lastpage setting LastPage

Package Fancyhdr Warning: \headheight is too small (11.0pt): 
 Make it at least 23.01001pt.
 We now make it that large for the rest of the document.
 This may cause the page layout to be inconsistent, however.

[7 <./gambar/use_case_iterasi1.png> <./gambar/erd1.png> <./gambar/pom_qm1.png> 
<./gambar/prototype1.png>]

Package Fancyhdr Warning: \headheight is too small (11.0pt): 
 Make it at least 23.01001pt.
 We now make it that large for the rest of the document.
 This may cause the page layout to be inconsistent, however.

[8 <./gambar/prototype1_2.png> <./gambar/usecase2.png> <./gambar/erd2.png> <./g
ambar/pom_qm2.png>]

Package Fancyhdr Warning: \headheight is too small (11.0pt): 
 Make it at least 23.01001pt.
 We now make it that large for the rest of the document.
 This may cause the page layout to be inconsistent, however.

[9 <./gambar/prototype2.png> <./gambar/feedback1.png> <./gambar/feedback_winfee
d1.png>]

Package Fancyhdr Warning: \headheight is too small (11.0pt): 
 Make it at least 23.01001pt.
 We now make it that large for the rest of the document.
 This may cause the page layout to be inconsistent, however.

[10]

Package Fancyhdr Warning: \headheight is too small (11.0pt): 
 Make it at least 23.01001pt.
 We now make it that large for the rest of the document.
 This may cause the page layout to be inconsistent, however.

[11

]
Package atveryend Info: Empty hook `BeforeClearDocument' on input line 174.
Package atveryend Info: Empty hook `AfterLastShipout' on input line 174.
 (kolokium_ekstensi.aux)
Package atveryend Info: Executing hook `AtVeryEndDocument' on input line 174.
Package atveryend Info: Executing hook `AtEndAfterFileList' on input line 174.
Package rerunfilecheck Info: File `kolokium_ekstensi.out' has not changed.
(rerunfilecheck)             Checksum: D41D8CD98F00B204E9800998ECF8427E;0.


LaTeX Warning: There were multiply-defined labels.

Package logreq Info: Writing requests to 'kolokium_ekstensi.run.xml'.
\openout1 = `kolokium_ekstensi.run.xml'.

Package atveryend Info: Empty hook `AtVeryVeryEnd' on input line 174.
 )
(\end occurred inside a group at level 2)

### simple group (level 2) entered at line 70 ({)
### simple group (level 1) entered at line 66 ({)
### bottom level 
Here is how much of TeX's memory you used:
 28282 strings out of 493323
 488177 string characters out of 3139054
 1039377 words of memory out of 3000000
 31074 multiletter control sequences out of 15000+200000
 597677 words of font info for 287 fonts, out of 3000000 for 9000
 1217 hyphenation exceptions out of 8191
 60i,12n,94p,10423b,1618s stack positions out of 5000i,500n,10000p,200000b,50000s
{C:/Program Files/MiKTeX 2.9/fonts/enc/dvips/base/8r.enc}<C:/Pr
ogram Files/MiKTeX 2.9/fonts/type1/public/amsfonts/cm/cmmi10.pfb><C:/Program Fi
les/MiKTeX 2.9/fonts/type1/public/amsfonts/cm/cmr10.pfb><C:/Program Files/MiKTe
X 2.9/fonts/type1/public/amsfonts/cm/cmsy10.pfb><C:/Program Files/MiKTeX 2.9/fo
nts/type1/urw/courier/ucrr8a.pfb><C:/Program Files/MiKTeX 2.9/fonts/type1/urw/h
elvetic/uhvb8a.pfb><C:/Program Files/MiKTeX 2.9/fonts/type1/urw/helvetic/uhvbo8
a.pfb><C:/Program Files/MiKTeX 2.9/fonts/type1/urw/helvetic/uhvr8a.pfb><C:/Prog
ram Files/MiKTeX 2.9/fonts/type1/urw/helvetic/uhvro8a.pfb><C:/Program Files/MiK
TeX 2.9/fonts/type1/urw/symbol/usyr.pfb><C:/Program Files/MiKTeX 2.9/fonts/type
1/urw/times/utmr8a.pfb><C:/Program Files/MiKTeX 2.9/fonts/type1/urw/times/utmri
8a.pfb>
Output written on kolokium_ekstensi.pdf (11 pages, 705037 bytes).
PDF statistics:
 199 PDF objects out of 1000 (max. 8388607)
 50 named destinations out of 1000 (max. 500000)
 48706 words of extra memory for PDF output out of 51595 (max. 10000000)

